This is XeTeX, Version 3.14159265-2.6-0.99996 (TeX Live 2016/Debian) (preloaded format=xelatex 2017.5.15)  17 MAY 2017 15:25
entering extended mode
 restricted \write18 enabled.
 %&-line parsing enabled.
**Examples.tex
(./Examples.tex
LaTeX2e <2017/01/01> patch level 3
Babel <3.9r> and hyphenation patterns for 7 language(s) loaded.
(/usr/share/texlive/texmf-dist/tex/latex/amscls/amsart.cls
Document Class: amsart 2015/03/04 v2.20.2
\linespacing=\dimen102
\normalparindent=\dimen103
\normaltopskip=\skip41
(/usr/share/texlive/texmf-dist/tex/latex/amsmath/amsmath.sty
Package: amsmath 2016/11/05 v2.16a AMS math features
\@mathmargin=\skip42

For additional information on amsmath, use the `?' option.
(/usr/share/texlive/texmf-dist/tex/latex/amsmath/amstext.sty
Package: amstext 2000/06/29 v2.01 AMS text

(/usr/share/texlive/texmf-dist/tex/latex/amsmath/amsgen.sty
File: amsgen.sty 1999/11/30 v2.0 generic functions
\@emptytoks=\toks14
\ex@=\dimen104
))
(/usr/share/texlive/texmf-dist/tex/latex/amsmath/amsbsy.sty
Package: amsbsy 1999/11/29 v1.2d Bold Symbols
\pmbraise@=\dimen105
)
(/usr/share/texlive/texmf-dist/tex/latex/amsmath/amsopn.sty
Package: amsopn 2016/03/08 v2.02 operator names
)
\inf@bad=\count79
LaTeX Info: Redefining \frac on input line 213.
\uproot@=\count80
\leftroot@=\count81
LaTeX Info: Redefining \overline on input line 375.
\classnum@=\count82
\DOTSCASE@=\count83
LaTeX Info: Redefining \ldots on input line 472.
LaTeX Info: Redefining \dots on input line 475.
LaTeX Info: Redefining \cdots on input line 596.
\Mathstrutbox@=\box26
\strutbox@=\box27
\big@size=\dimen106
LaTeX Font Info:    Redeclaring font encoding OML on input line 712.
LaTeX Font Info:    Redeclaring font encoding OMS on input line 713.
\macc@depth=\count84
\c@MaxMatrixCols=\count85
\dotsspace@=\muskip10
\c@parentequation=\count86
\dspbrk@lvl=\count87
\tag@help=\toks15
\row@=\count88
\column@=\count89
\maxfields@=\count90
\andhelp@=\toks16
\eqnshift@=\dimen107
\alignsep@=\dimen108
\tagshift@=\dimen109
\tagwidth@=\dimen110
\totwidth@=\dimen111
\lineht@=\dimen112
\@envbody=\toks17
\multlinegap=\skip43
\multlinetaggap=\skip44
\mathdisplay@stack=\toks18
LaTeX Info: Redefining \[ on input line 2817.
LaTeX Info: Redefining \] on input line 2818.
)
LaTeX Font Info:    Try loading font information for U+msa on input line 388.

(/usr/share/texlive/texmf-dist/tex/latex/amsfonts/umsa.fd
File: umsa.fd 2013/01/14 v3.01 AMS symbols A
)
(/usr/share/texlive/texmf-dist/tex/latex/amsfonts/amsfonts.sty
Package: amsfonts 2013/01/14 v3.01 Basic AMSFonts support
\symAMSa=\mathgroup4
\symAMSb=\mathgroup5
LaTeX Font Info:    Overwriting math alphabet `\mathfrak' in version `bold'
(Font)                  U/euf/m/n --> U/euf/b/n on input line 106.
)
\copyins=\insert199
\abstractbox=\box28
\listisep=\skip45
\c@part=\count91
\c@section=\count92
\c@subsection=\count93
\c@subsubsection=\count94
\c@paragraph=\count95
\c@subparagraph=\count96
\c@figure=\count97
\c@table=\count98
\abovecaptionskip=\skip46
\belowcaptionskip=\skip47
\captionindent=\dimen113
\thm@style=\toks19
\thm@bodyfont=\toks20
\thm@headfont=\toks21
\thm@notefont=\toks22
\thm@headpunct=\toks23
\thm@preskip=\skip48
\thm@postskip=\skip49
\thm@headsep=\skip50
\dth@everypar=\toks24
)
(/usr/share/texlive/texmf-dist/tex/latex/geometry/geometry.sty
Package: geometry 2010/09/12 v5.6 Page Geometry

(/usr/share/texlive/texmf-dist/tex/latex/graphics/keyval.sty
Package: keyval 2014/10/28 v1.15 key=value parser (DPC)
\KV@toks@=\toks25
)
(/usr/share/texlive/texmf-dist/tex/generic/oberdiek/ifpdf.sty
Package: ifpdf 2016/05/14 v3.1 Provides the ifpdf switch
)
(/usr/share/texlive/texmf-dist/tex/generic/oberdiek/ifvtex.sty
Package: ifvtex 2016/05/16 v1.6 Detect VTeX and its facilities (HO)
Package ifvtex Info: VTeX not detected.
)
(/usr/share/texlive/texmf-dist/tex/generic/ifxetex/ifxetex.sty
Package: ifxetex 2010/09/12 v0.6 Provides ifxetex conditional
)
\Gm@cnth=\count99
\Gm@cntv=\count100
\c@Gm@tempcnt=\count101
\Gm@bindingoffset=\dimen114
\Gm@wd@mp=\dimen115
\Gm@odd@mp=\dimen116
\Gm@even@mp=\dimen117
\Gm@layoutwidth=\dimen118
\Gm@layoutheight=\dimen119
\Gm@layouthoffset=\dimen120
\Gm@layoutvoffset=\dimen121
\Gm@dimlist=\toks26
)
(/usr/share/texlive/texmf-dist/tex/latex/tcolorbox/tcolorbox.sty
Package: tcolorbox 2016/11/18 version 3.96 text color boxes

(/usr/share/texlive/texmf-dist/tex/latex/pgf/basiclayer/pgf.sty
(/usr/share/texlive/texmf-dist/tex/latex/pgf/utilities/pgfrcs.sty
(/usr/share/texlive/texmf-dist/tex/generic/pgf/utilities/pgfutil-common.tex
\pgfutil@everybye=\toks27
\pgfutil@tempdima=\dimen122
\pgfutil@tempdimb=\dimen123

(/usr/share/texlive/texmf-dist/tex/generic/pgf/utilities/pgfutil-common-lists.t
ex)) (/usr/share/texlive/texmf-dist/tex/generic/pgf/utilities/pgfutil-latex.def
\pgfutil@abb=\box29
(/usr/share/texlive/texmf-dist/tex/latex/ms/everyshi.sty
Package: everyshi 2001/05/15 v3.00 EveryShipout Package (MS)
))
(/usr/share/texlive/texmf-dist/tex/generic/pgf/utilities/pgfrcs.code.tex
Package: pgfrcs 2015/08/07 v3.0.1a (rcs-revision 1.31)
))
Package: pgf 2015/08/07 v3.0.1a (rcs-revision 1.15)

(/usr/share/texlive/texmf-dist/tex/latex/pgf/basiclayer/pgfcore.sty
(/usr/share/texlive/texmf-dist/tex/latex/graphics/graphicx.sty
Package: graphicx 2014/10/28 v1.0g Enhanced LaTeX Graphics (DPC,SPQR)

(/usr/share/texlive/texmf-dist/tex/latex/graphics/graphics.sty
Package: graphics 2016/10/09 v1.0u Standard LaTeX Graphics (DPC,SPQR)

(/usr/share/texlive/texmf-dist/tex/latex/graphics/trig.sty
Package: trig 2016/01/03 v1.10 sin cos tan (DPC)
)
(/usr/share/texlive/texmf-dist/tex/latex/graphics-cfg/graphics.cfg
File: graphics.cfg 2016/06/04 v1.11 sample graphics configuration
)
Package graphics Info: Driver file: xetex.def on input line 99.

(/usr/share/texlive/texmf-dist/tex/latex/graphics-def/xetex.def
File: xetex.def 2016/07/11 v4.10 LaTeX color/graphics driver for XeTeX (L3/RRM/
JK)
))
\Gin@req@height=\dimen124
\Gin@req@width=\dimen125
)
(/usr/share/texlive/texmf-dist/tex/latex/pgf/systemlayer/pgfsys.sty
(/usr/share/texlive/texmf-dist/tex/generic/pgf/systemlayer/pgfsys.code.tex
Package: pgfsys 2014/07/09 v3.0.1a (rcs-revision 1.48)

(/usr/share/texlive/texmf-dist/tex/generic/pgf/utilities/pgfkeys.code.tex
\pgfkeys@pathtoks=\toks28
\pgfkeys@temptoks=\toks29

(/usr/share/texlive/texmf-dist/tex/generic/pgf/utilities/pgfkeysfiltered.code.t
ex
\pgfkeys@tmptoks=\toks30
))
\pgf@x=\dimen126
\pgf@y=\dimen127
\pgf@xa=\dimen128
\pgf@ya=\dimen129
\pgf@xb=\dimen130
\pgf@yb=\dimen131
\pgf@xc=\dimen132
\pgf@yc=\dimen133
\w@pgf@writea=\write3
\r@pgf@reada=\read1
\c@pgf@counta=\count102
\c@pgf@countb=\count103
\c@pgf@countc=\count104
\c@pgf@countd=\count105
\t@pgf@toka=\toks31
\t@pgf@tokb=\toks32
\t@pgf@tokc=\toks33
 (/usr/share/texlive/texmf-dist/tex/generic/pgf/systemlayer/pgf.cfg
File: pgf.cfg 2008/05/14  (rcs-revision 1.7)
)
Driver file for pgf: pgfsys-xetex.def

(/usr/share/texlive/texmf-dist/tex/generic/pgf/systemlayer/pgfsys-xetex.def
File: pgfsys-xetex.def 2014/07/09  (rcs-revision 1.11)

(/usr/share/texlive/texmf-dist/tex/generic/pgf/systemlayer/pgfsys-dvipdfmx.def
File: pgfsys-dvipdfmx.def 2014/07/09  (rcs-revision 1.14)

(/usr/share/texlive/texmf-dist/tex/generic/pgf/systemlayer/pgfsys-common-pdf.de
f
File: pgfsys-common-pdf.def 2013/10/10  (rcs-revision 1.13)
)
\pgfsys@objnum=\count106
)))
(/usr/share/texlive/texmf-dist/tex/generic/pgf/systemlayer/pgfsyssoftpath.code.
tex
File: pgfsyssoftpath.code.tex 2013/09/09  (rcs-revision 1.9)
\pgfsyssoftpath@smallbuffer@items=\count107
\pgfsyssoftpath@bigbuffer@items=\count108
)
(/usr/share/texlive/texmf-dist/tex/generic/pgf/systemlayer/pgfsysprotocol.code.
tex
File: pgfsysprotocol.code.tex 2006/10/16  (rcs-revision 1.4)
)) (/usr/share/texlive/texmf-dist/tex/latex/xcolor/xcolor.sty
Package: xcolor 2016/05/11 v2.12 LaTeX color extensions (UK)

(/usr/share/texlive/texmf-dist/tex/latex/graphics-cfg/color.cfg
File: color.cfg 2016/01/02 v1.6 sample color configuration
)
Package xcolor Info: Driver file: xetex.def on input line 225.
Package xcolor Info: Model `cmy' substituted by `cmy0' on input line 1348.
Package xcolor Info: Model `RGB' extended on input line 1364.
Package xcolor Info: Model `HTML' substituted by `rgb' on input line 1366.
Package xcolor Info: Model `Hsb' substituted by `hsb' on input line 1367.
Package xcolor Info: Model `tHsb' substituted by `hsb' on input line 1368.
Package xcolor Info: Model `HSB' substituted by `hsb' on input line 1369.
Package xcolor Info: Model `Gray' substituted by `gray' on input line 1370.
Package xcolor Info: Model `wave' substituted by `hsb' on input line 1371.
)
(/usr/share/texlive/texmf-dist/tex/generic/pgf/basiclayer/pgfcore.code.tex
Package: pgfcore 2010/04/11 v3.0.1a (rcs-revision 1.7)

(/usr/share/texlive/texmf-dist/tex/generic/pgf/math/pgfmath.code.tex
(/usr/share/texlive/texmf-dist/tex/generic/pgf/math/pgfmathcalc.code.tex
(/usr/share/texlive/texmf-dist/tex/generic/pgf/math/pgfmathutil.code.tex)
(/usr/share/texlive/texmf-dist/tex/generic/pgf/math/pgfmathparser.code.tex
\pgfmath@dimen=\dimen134
\pgfmath@count=\count109
\pgfmath@box=\box30
\pgfmath@toks=\toks34
\pgfmath@stack@operand=\toks35
\pgfmath@stack@operation=\toks36
)
(/usr/share/texlive/texmf-dist/tex/generic/pgf/math/pgfmathfunctions.code.tex
(/usr/share/texlive/texmf-dist/tex/generic/pgf/math/pgfmathfunctions.basic.code
.tex)
(/usr/share/texlive/texmf-dist/tex/generic/pgf/math/pgfmathfunctions.trigonomet
ric.code.tex)
(/usr/share/texlive/texmf-dist/tex/generic/pgf/math/pgfmathfunctions.random.cod
e.tex)
(/usr/share/texlive/texmf-dist/tex/generic/pgf/math/pgfmathfunctions.comparison
.code.tex)
(/usr/share/texlive/texmf-dist/tex/generic/pgf/math/pgfmathfunctions.base.code.
tex)
(/usr/share/texlive/texmf-dist/tex/generic/pgf/math/pgfmathfunctions.round.code
.tex)
(/usr/share/texlive/texmf-dist/tex/generic/pgf/math/pgfmathfunctions.misc.code.
tex)
(/usr/share/texlive/texmf-dist/tex/generic/pgf/math/pgfmathfunctions.integerari
thmetics.code.tex)))
(/usr/share/texlive/texmf-dist/tex/generic/pgf/math/pgfmathfloat.code.tex
\c@pgfmathroundto@lastzeros=\count110
))
(/usr/share/texlive/texmf-dist/tex/generic/pgf/basiclayer/pgfcorepoints.code.te
x
File: pgfcorepoints.code.tex 2013/10/07  (rcs-revision 1.27)
\pgf@picminx=\dimen135
\pgf@picmaxx=\dimen136
\pgf@picminy=\dimen137
\pgf@picmaxy=\dimen138
\pgf@pathminx=\dimen139
\pgf@pathmaxx=\dimen140
\pgf@pathminy=\dimen141
\pgf@pathmaxy=\dimen142
\pgf@xx=\dimen143
\pgf@xy=\dimen144
\pgf@yx=\dimen145
\pgf@yy=\dimen146
\pgf@zx=\dimen147
\pgf@zy=\dimen148
)
(/usr/share/texlive/texmf-dist/tex/generic/pgf/basiclayer/pgfcorepathconstruct.
code.tex
File: pgfcorepathconstruct.code.tex 2013/10/07  (rcs-revision 1.29)
\pgf@path@lastx=\dimen149
\pgf@path@lasty=\dimen150
)
(/usr/share/texlive/texmf-dist/tex/generic/pgf/basiclayer/pgfcorepathusage.code
.tex
File: pgfcorepathusage.code.tex 2014/11/02  (rcs-revision 1.24)
\pgf@shorten@end@additional=\dimen151
\pgf@shorten@start@additional=\dimen152
)
(/usr/share/texlive/texmf-dist/tex/generic/pgf/basiclayer/pgfcorescopes.code.te
x
File: pgfcorescopes.code.tex 2015/05/08  (rcs-revision 1.46)
\pgfpic=\box31
\pgf@hbox=\box32
\pgf@layerbox@main=\box33
\pgf@picture@serial@count=\count111
)
(/usr/share/texlive/texmf-dist/tex/generic/pgf/basiclayer/pgfcoregraphicstate.c
ode.tex
File: pgfcoregraphicstate.code.tex 2014/11/02  (rcs-revision 1.12)
\pgflinewidth=\dimen153
)
(/usr/share/texlive/texmf-dist/tex/generic/pgf/basiclayer/pgfcoretransformation
s.code.tex
File: pgfcoretransformations.code.tex 2015/08/07  (rcs-revision 1.20)
\pgf@pt@x=\dimen154
\pgf@pt@y=\dimen155
\pgf@pt@temp=\dimen156
)
(/usr/share/texlive/texmf-dist/tex/generic/pgf/basiclayer/pgfcorequick.code.tex
File: pgfcorequick.code.tex 2008/10/09  (rcs-revision 1.3)
)
(/usr/share/texlive/texmf-dist/tex/generic/pgf/basiclayer/pgfcoreobjects.code.t
ex
File: pgfcoreobjects.code.tex 2006/10/11  (rcs-revision 1.2)
)
(/usr/share/texlive/texmf-dist/tex/generic/pgf/basiclayer/pgfcorepathprocessing
.code.tex
File: pgfcorepathprocessing.code.tex 2013/09/09  (rcs-revision 1.9)
)
(/usr/share/texlive/texmf-dist/tex/generic/pgf/basiclayer/pgfcorearrows.code.te
x
File: pgfcorearrows.code.tex 2015/05/14  (rcs-revision 1.43)
\pgfarrowsep=\dimen157
)
(/usr/share/texlive/texmf-dist/tex/generic/pgf/basiclayer/pgfcoreshade.code.tex
File: pgfcoreshade.code.tex 2013/07/15  (rcs-revision 1.15)
\pgf@max=\dimen158
\pgf@sys@shading@range@num=\count112
)
(/usr/share/texlive/texmf-dist/tex/generic/pgf/basiclayer/pgfcoreimage.code.tex
File: pgfcoreimage.code.tex 2013/07/15  (rcs-revision 1.18)

(/usr/share/texlive/texmf-dist/tex/generic/pgf/basiclayer/pgfcoreexternal.code.
tex
File: pgfcoreexternal.code.tex 2014/07/09  (rcs-revision 1.21)
\pgfexternal@startupbox=\box34
))
(/usr/share/texlive/texmf-dist/tex/generic/pgf/basiclayer/pgfcorelayers.code.te
x
File: pgfcorelayers.code.tex 2013/07/18  (rcs-revision 1.7)
)
(/usr/share/texlive/texmf-dist/tex/generic/pgf/basiclayer/pgfcoretransparency.c
ode.tex
File: pgfcoretransparency.code.tex 2013/09/30  (rcs-revision 1.5)
)
(/usr/share/texlive/texmf-dist/tex/generic/pgf/basiclayer/pgfcorepatterns.code.
tex
File: pgfcorepatterns.code.tex 2013/11/07  (rcs-revision 1.5)
)))
(/usr/share/texlive/texmf-dist/tex/generic/pgf/modules/pgfmoduleshapes.code.tex
File: pgfmoduleshapes.code.tex 2014/03/21  (rcs-revision 1.35)
\pgfnodeparttextbox=\box35
) (/usr/share/texlive/texmf-dist/tex/generic/pgf/modules/pgfmoduleplot.code.tex
File: pgfmoduleplot.code.tex 2015/08/03  (rcs-revision 1.13)
)
(/usr/share/texlive/texmf-dist/tex/latex/pgf/compatibility/pgfcomp-version-0-65
.sty
Package: pgfcomp-version-0-65 2007/07/03 v3.0.1a (rcs-revision 1.7)
\pgf@nodesepstart=\dimen159
\pgf@nodesepend=\dimen160
)
(/usr/share/texlive/texmf-dist/tex/latex/pgf/compatibility/pgfcomp-version-1-18
.sty
Package: pgfcomp-version-1-18 2007/07/23 v3.0.1a (rcs-revision 1.1)
)) (/usr/share/texlive/texmf-dist/tex/latex/tools/verbatim.sty
Package: verbatim 2014/10/28 v1.5q LaTeX2e package for verbatim enhancements
\every@verbatim=\toks37
\verbatim@line=\toks38
\verbatim@in@stream=\read2
)
(/usr/share/texlive/texmf-dist/tex/latex/environ/environ.sty
Package: environ 2014/05/04 v0.3 A new way to define environments

(/usr/share/texlive/texmf-dist/tex/latex/trimspaces/trimspaces.sty
Package: trimspaces 2009/09/17 v1.1 Trim spaces around a token list
))
(/usr/share/texlive/texmf-dist/tex/latex/etoolbox/etoolbox.sty
Package: etoolbox 2017/01/02 v2.4 e-TeX tools for LaTeX (JAW)
\etb@tempcnta=\count113
)
\tcb@titlebox=\box36
\tcb@upperbox=\box37
\tcb@lowerbox=\box38
\tcb@phantombox=\box39
\c@tcbbreakpart=\count114
\c@tcblayer=\count115
\tcolorbox@number=\count116
\tcb@temp=\box40
\tcb@temp=\box41
\tcb@temp=\box42
\tcb@temp=\box43
\tcb@out=\write4
\tcb@record@out=\write5
)
(/usr/share/texlive/texmf-dist/tex/latex/lipsum/lipsum.sty
Package: lipsum 2014/07/27 v1.3 150 paragraphs of Lorem Ipsum dummy text
\c@lips@count=\count117
)
(/usr/share/texlive/texmf-dist/tex/latex/oberdiek/epstopdf.sty
Package: epstopdf 2016/05/15 v2.6 Conversion with epstopdf on the fly (HO)

(/usr/share/texlive/texmf-dist/tex/latex/oberdiek/epstopdf-base.sty
Package: epstopdf-base 2016/05/15 v2.6 Base part for package epstopdf

(/usr/share/texlive/texmf-dist/tex/generic/oberdiek/infwarerr.sty
Package: infwarerr 2016/05/16 v1.4 Providing info/warning/error messages (HO)
)
(/usr/share/texlive/texmf-dist/tex/latex/oberdiek/grfext.sty
Package: grfext 2016/05/16 v1.2 Manage graphics extensions (HO)

(/usr/share/texlive/texmf-dist/tex/generic/oberdiek/kvdefinekeys.sty
Package: kvdefinekeys 2016/05/16 v1.4 Define keys (HO)

(/usr/share/texlive/texmf-dist/tex/generic/oberdiek/ltxcmds.sty
Package: ltxcmds 2016/05/16 v1.23 LaTeX kernel commands for general use (HO)
)))
(/usr/share/texlive/texmf-dist/tex/latex/oberdiek/kvoptions.sty
Package: kvoptions 2016/05/16 v3.12 Key value format for package options (HO)

(/usr/share/texlive/texmf-dist/tex/generic/oberdiek/kvsetkeys.sty
Package: kvsetkeys 2016/05/16 v1.17 Key value parser (HO)

(/usr/share/texlive/texmf-dist/tex/generic/oberdiek/etexcmds.sty
Package: etexcmds 2016/05/16 v1.6 Avoid name clashes with e-TeX commands (HO)

(/usr/share/texlive/texmf-dist/tex/generic/oberdiek/ifluatex.sty
Package: ifluatex 2016/05/16 v1.4 Provides the ifluatex switch (HO)
Package ifluatex Info: LuaTeX not detected.
)
Package etexcmds Info: Could not find \expanded.
(etexcmds)             That can mean that you are not using pdfTeX 1.50 or
(etexcmds)             that some package has redefined \expanded.
(etexcmds)             In the latter case, load this package earlier.
)))
(/usr/share/texlive/texmf-dist/tex/generic/oberdiek/pdftexcmds.sty
Package: pdftexcmds 2016/05/21 v0.22 Utility functions of pdfTeX for LuaTeX (HO
)
Package pdftexcmds Info: LuaTeX not detected.
Package pdftexcmds Info: pdfTeX >= 1.30 not detected.
Package pdftexcmds Info: \pdf@primitive is available.
Package pdftexcmds Info: \pdf@ifprimitive is available.
Package pdftexcmds Info: \pdfdraftmode not found.
)

Package epstopdf Warning: Drivers other than `pdftex' and `luatex' are not supp
orted.

)) (/usr/share/texlive/texmf-dist/tex/latex/amsfonts/amssymb.sty
Package: amssymb 2013/01/14 v3.01 AMS font symbols
)
(/usr/share/texlive/texmf-dist/tex/latex/mhchem/mhchem.sty
Package: mhchem 2017/01/16 v4.06 for typesetting chemical formulae

(/usr/share/texlive/texmf-dist/tex/latex/l3kernel/expl3.sty
Package: expl3 2016/11/21 v6760 L3 programming layer (loader) 

(/usr/share/texlive/texmf-dist/tex/latex/l3kernel/expl3-code.tex
Package: expl3 2016/11/21 v6760 L3 programming layer (code)
L3 Module: l3bootstrap 2016/06/13 v6596 L3 Bootstrap code
L3 Module: l3names 2016/10/13 v6722 L3 Namespace for primitives
L3 Module: l3basics 2016/09/01 v6696 L3 Basic definitions
L3 Module: l3expan 2016/08/19 v6684 L3 Argument expansion
L3 Module: l3tl 2016/08/19 v6692 L3 Token lists
L3 Module: l3str 2016/08/19 v6692 L3 Strings
L3 Module: l3seq 2016/08/19 v6685 L3 Sequences and stacks
L3 Module: l3int 2016/09/07 v6700 L3 Integers
\c_max_int=\count118
\l_tmpa_int=\count119
\l_tmpb_int=\count120
\g_tmpa_int=\count121
\g_tmpb_int=\count122
L3 Module: l3quark 2016/08/19 v6685 L3 Quarks
L3 Module: l3prg 2016/08/18 v6679 L3 Control structures
\g__prg_map_int=\count123
L3 Module: l3clist 2016/08/19 v6685 L3 Comma separated lists
L3 Module: l3token 2016/09/01 v6695 L3 Experimental token manipulation
L3 Module: l3prop 2016/08/19 v6685 L3 Property lists
L3 Module: l3msg 2016/08/19 v6691 L3 Messages
L3 Module: l3file 2016/08/19 v6685 L3 File and I/O operations
\l_iow_line_count_int=\count124
\l__iow_target_count_int=\count125
\l__iow_current_line_int=\count126
\l__iow_current_word_int=\count127
\l__iow_current_indentation_int=\count128
L3 Module: l3skip 2016/08/19 v6692 L3 Dimensions and skips
\c_zero_dim=\dimen161
\c_max_dim=\dimen162
\l_tmpa_dim=\dimen163
\l_tmpb_dim=\dimen164
\g_tmpa_dim=\dimen165
\g_tmpb_dim=\dimen166
\c_zero_skip=\skip51
\c_max_skip=\skip52
\l_tmpa_skip=\skip53
\l_tmpb_skip=\skip54
\g_tmpa_skip=\skip55
\g_tmpb_skip=\skip56
\c_zero_muskip=\muskip11
\c_max_muskip=\muskip12
\l_tmpa_muskip=\muskip13
\l_tmpb_muskip=\muskip14
\g_tmpa_muskip=\muskip15
\g_tmpb_muskip=\muskip16
L3 Module: l3keys 2016/09/21 v6711 L3 Key-value interfaces
\l_keys_choice_int=\count129
L3 Module: l3fp 2016/11/21 v6761 L3 Floating points
\c__fp_leading_shift_int=\count130
\c__fp_middle_shift_int=\count131
\c__fp_trailing_shift_int=\count132
\c__fp_big_leading_shift_int=\count133
\c__fp_big_middle_shift_int=\count134
\c__fp_big_trailing_shift_int=\count135
\c__fp_Bigg_leading_shift_int=\count136
\c__fp_Bigg_middle_shift_int=\count137
\c__fp_Bigg_trailing_shift_int=\count138
L3 Module: l3box 2016/08/19 v6685 L3 Experimental boxes
\c_empty_box=\box44
\l_tmpa_box=\box45
\l_tmpb_box=\box46
\g_tmpa_box=\box47
\g_tmpb_box=\box48
L3 Module: l3coffins 2016/08/19 v6685 L3 Coffin code layer
\l__coffin_internal_box=\box49
\l__coffin_internal_dim=\dimen167
\l__coffin_offset_x_dim=\dimen168
\l__coffin_offset_y_dim=\dimen169
\l__coffin_x_dim=\dimen170
\l__coffin_y_dim=\dimen171
\l__coffin_x_prime_dim=\dimen172
\l__coffin_y_prime_dim=\dimen173
\c_empty_coffin=\box50
\l__coffin_aligned_coffin=\box51
\l__coffin_aligned_internal_coffin=\box52
\l_tmpa_coffin=\box53
\l_tmpb_coffin=\box54
\l__coffin_display_coffin=\box55
\l__coffin_display_coord_coffin=\box56
\l__coffin_display_pole_coffin=\box57
\l__coffin_display_offset_dim=\dimen174
\l__coffin_display_x_dim=\dimen175
\l__coffin_display_y_dim=\dimen176
L3 Module: l3color 2016/06/13 v6596 L3 Experimental color support
L3 Module: l3sys 2015/09/25 v6087 L3 Experimental system/runtime functions
L3 Module: l3candidates 2016/08/19 v6688 L3 Experimental additions to l3kernel
\l__box_top_dim=\dimen177
\l__box_bottom_dim=\dimen178
\l__box_left_dim=\dimen179
\l__box_right_dim=\dimen180
\l__box_top_new_dim=\dimen181
\l__box_bottom_new_dim=\dimen182
\l__box_left_new_dim=\dimen183
\l__box_right_new_dim=\dimen184
\l__box_internal_box=\box58
\l__coffin_bounding_shift_dim=\dimen185
\l__coffin_left_corner_dim=\dimen186
\l__coffin_right_corner_dim=\dimen187
\l__coffin_bottom_corner_dim=\dimen188
\l__coffin_top_corner_dim=\dimen189
\l__coffin_scaled_total_height_dim=\dimen190
\l__coffin_scaled_width_dim=\dimen191
L3 Module: l3luatex 2016/08/18 v6679 L3 Experimental LuaTeX-specific functions
)
(/usr/share/texlive/texmf-dist/tex/latex/l3kernel/l3xdvipdfmx.def
File: l3xdvidpfmx.def 2016/08/18 v6679 L3 Experimental driver: xdvipdfmx
\l__driver_tmp_box=\box59
))
(/usr/share/texlive/texmf-dist/tex/latex/l3packages/l3keys2e/l3keys2e.sty
Package: l3keys2e 2016/11/21 v6760 LaTeX2e option processing using LaTeX3 keys
)
(/usr/share/texlive/texmf-dist/tex/latex/l3experimental/l3str/l3regex.sty
Package: l3regex 2016/11/21 v6760 L3 Experimental regular expressions

(/usr/share/texlive/texmf-dist/tex/latex/l3experimental/l3str/l3tl-build.sty
Package: l3tl-build 2016/11/21 v6760 L3 Experimental token list construction
\l__tl_build_start_index_int=\count139
\l__tl_build_index_int=\count140
)
(/usr/share/texlive/texmf-dist/tex/latex/l3experimental/l3str/l3tl-analysis.sty
Package: l3tl-analysis 2016/06/13 v6589 L3 Experimental token lists analysis
\l__tl_analysis_normal_int=\count141
\l__tl_analysis_index_int=\count142
\l__tl_analysis_nesting_int=\count143
\l__tl_analysis_type_int=\count144
) (/usr/share/texlive/texmf-dist/tex/latex/l3experimental/l3str/l3flag.sty
Package: l3flag 2016/11/21 v6760 L3 Experimental flags
)
(/usr/share/texlive/texmf-dist/tex/latex/l3experimental/l3str/l3str-convert.sty
Package: l3str-convert 2016/09/07 v6699 L3 Experimental string encoding convers
ions
\l__str_internal_int=\count145
)
\l__regex_internal_a_int=\count146
\l__regex_internal_b_int=\count147
\l__regex_internal_c_int=\count148
\l__regex_balance_int=\count149
\l__regex_group_level_int=\count150
\l__regex_mode_int=\count151
\l__regex_catcodes_int=\count152
\l__regex_default_catcodes_int=\count153
\c__regex_catcode_L_int=\count154
\c__regex_catcode_O_int=\count155
\c__regex_catcode_A_int=\count156
\c__regex_all_catcodes_int=\count157
\l__regex_show_lines_int=\count158
\l__regex_min_state_int=\count159
\l__regex_max_state_int=\count160
\l__regex_left_state_int=\count161
\l__regex_right_state_int=\count162
\l__regex_capturing_group_int=\count163
\l__regex_min_pos_int=\count164
\l__regex_max_pos_int=\count165
\l__regex_current_pos_int=\count166
\l__regex_start_pos_int=\count167
\l__regex_success_pos_int=\count168
\l__regex_current_char_int=\count169
\l__regex_current_catcode_int=\count170
\l__regex_last_char_int=\count171
\l__regex_case_changed_char_int=\count172
\l__regex_current_state_int=\count173
\l__regex_step_int=\count174
\l__regex_min_active_int=\count175
\l__regex_max_active_int=\count176
\l__regex_replacement_csnames_int=\count177
\l__regex_match_count_int=\count178
\l__regex_submatch_int=\count179
\l__regex_zeroth_submatch_int=\count180
) (/usr/share/texlive/texmf-dist/tex/latex/tools/calc.sty
Package: calc 2014/10/28 v4.3 Infix arithmetic (KKT,FJ)
\calc@Acount=\count181
\calc@Bcount=\count182
\calc@Adimen=\dimen192
\calc@Bdimen=\dimen193
\calc@Askip=\skip57
\calc@Bskip=\skip58
LaTeX Info: Redefining \setlength on input line 80.
LaTeX Info: Redefining \addtolength on input line 81.
\calc@Ccount=\count183
\calc@Cskip=\skip59
)
(/usr/share/texlive/texmf-dist/tex/latex/chemgreek/chemgreek.sty
(/usr/share/texlive/texmf-dist/tex/latex/l3packages/xparse/xparse.sty
Package: xparse 2016/11/21 v6760 L3 Experimental document command parser
\l__xparse_current_arg_int=\count184
\l__xparse_m_args_int=\count185
\l__xparse_mandatory_args_int=\count186
\l__xparse_processor_int=\count187
\l__xparse_v_nesting_int=\count188
)
Package: chemgreek 2016/12/20 v1.1 interfaceforuprightgreeklettersforuseinchemi
stry (CN)
\l__chemgreek_tmpa_int=\count189
\g__chemgreek_tmpa_int=\count190
.................................................
. LaTeX info: "xparse/define-command"
. 
. Defining command \newchemgreekmapping with sig. 'O{}mm' on line 336.
.................................................
.................................................
. LaTeX info: "xparse/define-command"
. 
. Defining command \renewchemgreekmapping with sig. 'O{}mm' on line 339.
.................................................
.................................................
. LaTeX info: "xparse/define-command"
. 
. Defining command \declarechemgreekmapping with sig. 'O{}mm' on line 342.
.................................................
.................................................
. LaTeX info: "xparse/define-command"
. 
. Defining command \newchemgreekmappingalias with sig. 'mm' on line 347.
.................................................
.................................................
. LaTeX info: "xparse/define-command"
. 
. Defining command \renewchemgreekmappingalias with sig. 'mm' on line 350.
.................................................
.................................................
. LaTeX info: "xparse/define-command"
. 
. Defining command \declarechemgreekmappingalias with sig. 'mm' on line 353.
.................................................
.................................................
. LaTeX info: "xparse/define-command"
. 
. Defining command \changechemgreeksymbol with sig. 'mmmm' on line 383.
.................................................
.................................................
. LaTeX info: "xparse/define-command"
. 
. Defining command \chemgreekmappingsymbol with sig. 'mm' on line 477.
.................................................
.................................................
. LaTeX info: "xparse/define-command"
. 
. Defining command \activatechemgreekmapping with sig. 'sm' on line 486.
.................................................
.................................................
. LaTeX info: "xparse/define-command"
. 
. Defining command \selectchemgreekmapping with sig. 'm' on line 491.
.................................................
)
\l__mhchem_ce_distanceFromLastComma_int=\count191
\__mhchem_arrow_extPgfLength_skip=\skip60
\mhchem@minispace@tmp=\skip61
\mhchem@minibackspace@tmp=\skip62
\mhchem@bondwidth=\skip63
\mhchem@bondheight=\skip64
\mhchem@smallbondwidth@tmpA=\skip65
\mhchem@smallbondwidth@tmpB=\skip66
\mhchem@smallbondwidth=\skip67
\mhchem@bondtmp@minussidebearingleft=\skip68
\mhchem@bondtmp@minussidebearingright=\skip69
\l__mhchem_option_version_int=\count192
\mhchem@option@minusmathsidebearingleft=\dimen194
\mhchem@option@minusmathsidebearingright=\dimen195
\mhchem@option@minustextsidebearingleft=\dimen196
\mhchem@option@minustextsidebearingright=\dimen197
)
(/usr/share/texlive/texmf-dist/tex/latex/base/fix-cm.sty
Package: fix-cm 2015/01/14 v1.1t fixes to LaTeX

(/usr/share/texlive/texmf-dist/tex/latex/base/ts1enc.def
File: ts1enc.def 2001/06/05 v3.0e (jk/car/fm) Standard LaTeX file
))
(/usr/share/texlive/texmf-dist/tex/latex/fontspec/fontspec.sty
Package: fontspec 2017/02/12 v2.6 Font selection for XeLaTeX and LuaLaTeX

(/usr/share/texlive/texmf-dist/tex/latex/fontspec/fontspec-xetex.sty
Package: fontspec-xetex 2017/02/12 v2.6 Font selection for XeLaTeX and LuaLaTeX

\l__fontspec_script_int=\count193
\l__fontspec_language_int=\count194
\l__fontspec_strnum_int=\count195
\l__fontspec_tmp_int=\count196
\l__fontspec_em_int=\count197
\l__fontspec_emdef_int=\count198
\l__fontspec_strong_int=\count266
\l__fontspec_strongdef_int=\count267
\l__fontspec_tmpa_dim=\dimen198
\l__fontspec_tmpb_dim=\dimen256
\l__fontspec_tmpc_dim=\dimen257
\g__file_internal_ior=\read3

(/usr/share/texlive/texmf-dist/tex/latex/base/fontenc.sty
Package: fontenc 2017/02/22 v2.0g Standard LaTeX package

(/usr/share/texlive/texmf-dist/tex/latex/base/tuenc.def
File: tuenc.def 2017/02/22 v2.0g Standard LaTeX file
LaTeX Font Info:    Redeclaring font encoding TU on input line 82.
))
.................................................
. LaTeX info: "xparse/define-command"
. 
. Defining command \fontspec with sig. 'O{}mO{}' on line 475.
.................................................
.................................................
. LaTeX info: "xparse/define-command"
. 
. Defining command \setmainfont with sig. 'O{}mO{}' on line 491.
.................................................
.................................................
. LaTeX info: "xparse/define-command"
. 
. Defining command \setsansfont with sig. 'O{}mO{}' on line 507.
.................................................
.................................................
. LaTeX info: "xparse/define-command"
. 
. Defining command \setmonofont with sig. 'O{}mO{}' on line 523.
.................................................
.................................................
. LaTeX info: "xparse/define-command"
. 
. Defining command \setmathrm with sig. 'O{}mO{}' on line 528.
.................................................
.................................................
. LaTeX info: "xparse/define-command"
. 
. Defining command \setboldmathrm with sig. 'O{}mO{}' on line 533.
.................................................
.................................................
. LaTeX info: "xparse/define-command"
. 
. Defining command \setmathsf with sig. 'O{}mO{}' on line 538.
.................................................
.................................................
. LaTeX info: "xparse/define-command"
. 
. Defining command \setmathtt with sig. 'O{}mO{}' on line 543.
.................................................
.................................................
. LaTeX info: "xparse/define-command"
. 
. Defining command \newfontfamily with sig. 'mO{}mO{}' on line 563.
.................................................
.................................................
. LaTeX info: "xparse/define-command"
. 
. Defining command \newfontface with sig. 'mO{}mO{}' on line 567.
.................................................
.................................................
. LaTeX info: "xparse/define-command"
. 
. Defining command \defaultfontfeatures with sig. 't+om' on line 574.
.................................................
.................................................
. LaTeX info: "xparse/define-command"
. 
. Defining command \addfontfeatures with sig. 'm' on line 623.
.................................................
.................................................
. LaTeX info: "xparse/define-command"
. 
. Defining command \newfontfeature with sig. 'mm' on line 634.
.................................................
.................................................
. LaTeX info: "xparse/define-command"
. 
. Defining command \newAATfeature with sig. 'mmmm' on line 642.
.................................................
.................................................
. LaTeX info: "xparse/define-command"
. 
. Defining command \newopentypefeature with sig. 'mmm' on line 652.
.................................................
.................................................
. LaTeX info: "xparse/define-command"
. 
. Defining command \aliasfontfeature with sig. 'mm' on line 675.
.................................................
.................................................
. LaTeX info: "xparse/define-command"
. 
. Defining command \aliasfontfeatureoption with sig. 'mmm' on line 692.
.................................................
.................................................
. LaTeX info: "xparse/define-command"
. 
. Defining command \newfontscript with sig. 'mm' on line 696.
.................................................
.................................................
. LaTeX info: "xparse/define-command"
. 
. Defining command \newfontlanguage with sig. 'mm' on line 700.
.................................................
.................................................
. LaTeX info: "xparse/define-command"
. 
. Defining command \DeclareFontsExtensions with sig. 'm' on line 705.
.................................................
.................................................
. LaTeX info: "xparse/define-command"
. 
. Defining command \IfFontFeatureActiveTF with sig. 'mmm' on line 711.
.................................................
.................................................
. LaTeX info: "xparse/define-command"
. 
. Defining command \EncodingCommand with sig. 'mO{}m' on line 3338.
.................................................
.................................................
. LaTeX info: "xparse/define-command"
. 
. Defining command \EncodingAccent with sig. 'mm' on line 3344.
.................................................
.................................................
. LaTeX info: "xparse/define-command"
. 
. Defining command \EncodingSymbol with sig. 'mm' on line 3350.
.................................................
.................................................
. LaTeX info: "xparse/define-command"
. 
. Defining command \EncodingComposite with sig. 'mmm' on line 3356.
.................................................
.................................................
. LaTeX info: "xparse/define-command"
. 
. Defining command \EncodingCompositeCommand with sig. 'mmm' on line 3362.
.................................................
.................................................
. LaTeX info: "xparse/define-command"
. 
. Defining command \DeclareUnicodeEncoding with sig. 'mm' on line 3387.
.................................................
.................................................
. LaTeX info: "xparse/define-command"
. 
. Defining command \UndeclareSymbol with sig. 'm' on line 3393.
.................................................
.................................................
. LaTeX info: "xparse/define-command"
. 
. Defining command \UndeclareComposite with sig. 'mm' on line 3401.
.................................................

(/usr/share/texlive/texmf-dist/tex/latex/fontspec/fontspec.cfg)
LaTeX Info: Redefining \itshape on input line 3586.
LaTeX Info: Redefining \slshape on input line 3591.
LaTeX Info: Redefining \scshape on input line 3596.
LaTeX Info: Redefining \upshape on input line 3601.
LaTeX Info: Redefining \em on input line 3631.
LaTeX Info: Redefining \emph on input line 3656.
LaTeX Info: Redefining \- on input line 3707.
.................................................
. LaTeX info: "xparse/redefine-command"
. 
. Redefining command \oldstylenums with sig. 'm' on line 3802.
.................................................
.................................................
. LaTeX info: "xparse/define-command"
. 
. Defining command \liningnums with sig. 'm' on line 3806.
.................................................
))
(/usr/share/texlive/texmf-dist/tex/xelatex/ucharclasses/ucharclasses.sty
Package: ucharclasses 2016/04/25 v2.2.1 Unicode block character classes for XeL
aTeX
\AlphabeticPresentationFormsClass=\XeTeXcharclass1
\BasicLatinClass=\XeTeXcharclass2
\CopticClass=\XeTeXcharclass3
\GreekAndCopticClass=\XeTeXcharclass4
\GreekExtendedClass=\XeTeXcharclass5
\LatinExtendedAdditionalClass=\XeTeXcharclass6
\LatinExtendedAClass=\XeTeXcharclass7
\LatinExtendedBClass=\XeTeXcharclass8
\LatinExtendedCClass=\XeTeXcharclass9
\LatinExtendedDClass=\XeTeXcharclass10
\LatinSupplementClass=\XeTeXcharclass11
\CopticEpactNumbersClass=\XeTeXcharclass12
\LatinExtendedEClass=\XeTeXcharclass13
)
(/usr/share/texlive/texmf-dist/tex/latex/hyperref/hyperref.sty
Package: hyperref 2016/06/24 v6.83q Hypertext links for LaTeX

(/usr/share/texlive/texmf-dist/tex/generic/oberdiek/hobsub-hyperref.sty
Package: hobsub-hyperref 2016/05/16 v1.14 Bundle oberdiek, subset hyperref (HO)


(/usr/share/texlive/texmf-dist/tex/generic/oberdiek/hobsub-generic.sty
Package: hobsub-generic 2016/05/16 v1.14 Bundle oberdiek, subset generic (HO)
Package: hobsub 2016/05/16 v1.14 Construct package bundles (HO)
Package hobsub Info: Skipping package `infwarerr' (already loaded).
Package hobsub Info: Skipping package `ltxcmds' (already loaded).
Package hobsub Info: Skipping package `ifluatex' (already loaded).
Package hobsub Info: Skipping package `ifvtex' (already loaded).
Package: intcalc 2016/05/16 v1.2 Expandable calculations with integers (HO)
Package hobsub Info: Skipping package `ifpdf' (already loaded).
Package hobsub Info: Skipping package `etexcmds' (already loaded).
Package hobsub Info: Skipping package `kvsetkeys' (already loaded).
Package hobsub Info: Skipping package `kvdefinekeys' (already loaded).
Package hobsub Info: Skipping package `pdftexcmds' (already loaded).
Package: pdfescape 2016/05/16 v1.14 Implements pdfTeX's escape features (HO)
Package: bigintcalc 2016/05/16 v1.4 Expandable calculations on big integers (HO
)
Package: bitset 2016/05/16 v1.2 Handle bit-vector datatype (HO)
Package: uniquecounter 2016/05/16 v1.3 Provide unlimited unique counter (HO)
)
Package hobsub Info: Skipping package `hobsub' (already loaded).
Package: letltxmacro 2016/05/16 v1.5 Let assignment for LaTeX macros (HO)
Package: hopatch 2016/05/16 v1.3 Wrapper for package hooks (HO)
Package: xcolor-patch 2016/05/16 xcolor patch
Package: atveryend 2016/05/16 v1.9 Hooks at the very end of document (HO)
Package: atbegshi 2016/06/09 v1.18 At begin shipout hook (HO)
Package: refcount 2016/05/16 v3.5 Data extraction from label references (HO)
Package: hycolor 2016/05/16 v1.8 Color options for hyperref/bookmark (HO)
)
(/usr/share/texlive/texmf-dist/tex/latex/oberdiek/auxhook.sty
Package: auxhook 2016/05/16 v1.4 Hooks for auxiliary files (HO)
)
\@linkdim=\dimen258
\Hy@linkcounter=\count268
\Hy@pagecounter=\count269

(/usr/share/texlive/texmf-dist/tex/latex/hyperref/pd1enc.def
File: pd1enc.def 2016/06/24 v6.83q Hyperref: PDFDocEncoding definition (HO)
)
\Hy@SavedSpaceFactor=\count270

(/usr/share/texlive/texmf-dist/tex/latex/latexconfig/hyperref.cfg
File: hyperref.cfg 2002/06/06 v1.2 hyperref configuration of TeXLive
)
Package hyperref Info: Hyper figures OFF on input line 4486.
Package hyperref Info: Link nesting OFF on input line 4491.
Package hyperref Info: Hyper index ON on input line 4494.
Package hyperref Info: Plain pages OFF on input line 4501.
Package hyperref Info: Backreferencing OFF on input line 4506.
Package hyperref Info: Implicit mode ON; LaTeX internals redefined.
Package hyperref Info: Bookmarks ON on input line 4735.
\c@Hy@tempcnt=\count271

(/usr/share/texlive/texmf-dist/tex/latex/url/url.sty
\Urlmuskip=\muskip17
Package: url 2013/09/16  ver 3.4  Verb mode for urls, etc.
)
LaTeX Info: Redefining \url on input line 5088.
\XeTeXLinkMargin=\dimen259
\Fld@menulength=\count272
\Field@Width=\dimen260
\Fld@charsize=\dimen261
Package hyperref Info: Hyper figures OFF on input line 6342.
Package hyperref Info: Link nesting OFF on input line 6347.
Package hyperref Info: Hyper index ON on input line 6350.
Package hyperref Info: backreferencing OFF on input line 6357.
Package hyperref Info: Link coloring OFF on input line 6362.
Package hyperref Info: Link coloring with OCG OFF on input line 6367.
Package hyperref Info: PDF/A mode OFF on input line 6372.
LaTeX Info: Redefining \ref on input line 6412.
LaTeX Info: Redefining \pageref on input line 6416.
\Hy@abspage=\count273
\c@Item=\count274
\c@Hfootnote=\count275
)

Package hyperref Message: Driver (autodetected): hxetex.

(/usr/share/texlive/texmf-dist/tex/latex/hyperref/hxetex.def
File: hxetex.def 2016/06/24 v6.83q Hyperref driver for XeTeX

(/usr/share/texlive/texmf-dist/tex/latex/hyperref/puenc.def
File: puenc.def 2016/06/24 v6.83q Hyperref: PDF Unicode definition (HO)
)
(/usr/share/texlive/texmf-dist/tex/generic/oberdiek/stringenc.sty
Package: stringenc 2016/05/16 v1.11 Convert strings between diff. encodings (HO
)
)
\pdfm@box=\box60
\c@Hy@AnnotLevel=\count276
\HyField@AnnotCount=\count277
\Fld@listcount=\count278
\c@bookmark@seq@number=\count279

(/usr/share/texlive/texmf-dist/tex/latex/oberdiek/rerunfilecheck.sty
Package: rerunfilecheck 2016/05/16 v1.8 Rerun checks for auxiliary files (HO)
Package rerunfilecheck Info: Feature \pdfmdfivesum is not available
(rerunfilecheck)             (e.g. pdfTeX or LuaTeX with package `pdftexcmds').

(rerunfilecheck)             Therefore file contents cannot be checked efficien
tly
(rerunfilecheck)             and the loading of the package is aborted.
)
\Hy@SectionHShift=\skip70
)
Package hyperref Info: Option `colorlinks' set `true' on input line 48.

(/usr/share/texlive/texmf-dist/tex/latex/wrapfig/wrapfig.sty
\wrapoverhang=\dimen262
\WF@size=\dimen263
\c@WF@wrappedlines=\count280
\WF@box=\box61
\WF@everypar=\toks39
Package: wrapfig 2003/01/31  v 3.6
)
\c@theorem=\count281
\c@proposition=\count282
\c@corollary=\count283
\c@lemma=\count284
\c@definition=\count285
\c@conjecture=\count286
\c@problem=\count287
\c@exercise=\count288
\c@example=\count289
\c@note=\count290
\c@joke=\count291
\c@objection=\count292
\mybox=\box62
 (./Examples.aux)
\openout1 = `Examples.aux'.

LaTeX Font Info:    Checking defaults for OML/cmm/m/it on input line 194.
LaTeX Font Info:    ... okay on input line 194.
LaTeX Font Info:    Checking defaults for T1/cmr/m/n on input line 194.
LaTeX Font Info:    ... okay on input line 194.
LaTeX Font Info:    Checking defaults for OT1/cmr/m/n on input line 194.
LaTeX Font Info:    ... okay on input line 194.
LaTeX Font Info:    Checking defaults for OMS/cmsy/m/n on input line 194.
LaTeX Font Info:    ... okay on input line 194.
LaTeX Font Info:    Checking defaults for TU/lmr/m/n on input line 194.
LaTeX Font Info:    ... okay on input line 194.
LaTeX Font Info:    Checking defaults for OMX/cmex/m/n on input line 194.
LaTeX Font Info:    ... okay on input line 194.
LaTeX Font Info:    Checking defaults for U/cmr/m/n on input line 194.
LaTeX Font Info:    ... okay on input line 194.
LaTeX Font Info:    Checking defaults for TS1/cmr/m/n on input line 194.
LaTeX Font Info:    ... okay on input line 194.
LaTeX Font Info:    Checking defaults for PD1/pdf/m/n on input line 194.
LaTeX Font Info:    ... okay on input line 194.
LaTeX Font Info:    Checking defaults for PU/pdf/m/n on input line 194.
LaTeX Font Info:    ... okay on input line 194.
LaTeX Font Info:    Try loading font information for U+msa on input line 194.

(/usr/share/texlive/texmf-dist/tex/latex/amsfonts/umsa.fd
File: umsa.fd 2013/01/14 v3.01 AMS symbols A
)
LaTeX Font Info:    Try loading font information for U+msb on input line 194.

(/usr/share/texlive/texmf-dist/tex/latex/amsfonts/umsb.fd
File: umsb.fd 2013/01/14 v3.01 AMS symbols B
)
*geometry* driver: auto-detecting
*geometry* detected driver: xetex
*geometry* verbose mode - [ preamble ] result:
* driver: xetex
* paper: a4paper
* layout: <same size as paper>
* layoutoffset:(h,v)=(0.0pt,0.0pt)
* modes: twoside 
* h-part:(L,W,R)=(71.70166pt, 418.25368pt, 107.55254pt)
* v-part:(T,H,B)=(101.40665pt, 591.5302pt, 152.11pt)
* \paperwidth=597.50787pt
* \paperheight=845.04684pt
* \textwidth=418.25368pt
* \textheight=591.5302pt
* \oddsidemargin=-0.56833pt
* \evensidemargin=35.28255pt
* \topmargin=7.13666pt
* \headheight=8.0pt
* \headsep=14.0pt
* \topskip=10.0pt
* \footskip=12.0pt
* \marginparwidth=90.0pt
* \marginparsep=11.0pt
* \columnsep=10.0pt
* \skip\footins=7.0pt plus 11.0pt
* \hoffset=0.0pt
* \voffset=0.0pt
* \mag=1000
* \@twocolumnfalse
* \@twosidetrue
* \@mparswitchtrue
* \@reversemarginfalse
* (1in=72.27pt=25.4mm, 1cm=28.453pt)

ABD: EveryShipout initializing macros
.................................................
. chemgreek info: "mapping-activated"
. 
. Activating mapping `fontspec' on line 194.
.................................................
.................................................
. fontspec info: "setup-math"
. 
. Adjusting the maths setup (use [no-math] to avoid this).
.................................................
\symlegacymaths=\mathgroup6
LaTeX Font Info:    Overwriting symbol font `legacymaths' in version `bold'
(Font)                  OT1/cmr/m/n --> OT1/cmr/bx/n on input line 194.
LaTeX Font Info:    Redeclaring math accent \acute on input line 194.
LaTeX Font Info:    Redeclaring math accent \grave on input line 194.
LaTeX Font Info:    Redeclaring math accent \ddot on input line 194.
LaTeX Font Info:    Redeclaring math accent \tilde on input line 194.
LaTeX Font Info:    Redeclaring math accent \bar on input line 194.
LaTeX Font Info:    Redeclaring math accent \breve on input line 194.
LaTeX Font Info:    Redeclaring math accent \check on input line 194.
LaTeX Font Info:    Redeclaring math accent \hat on input line 194.
LaTeX Font Info:    Redeclaring math accent \dot on input line 194.
LaTeX Font Info:    Redeclaring math accent \mathring on input line 194.
LaTeX Font Info:    Redeclaring math symbol \Gamma on input line 194.
LaTeX Font Info:    Redeclaring math symbol \Delta on input line 194.
LaTeX Font Info:    Redeclaring math symbol \Theta on input line 194.
LaTeX Font Info:    Redeclaring math symbol \Lambda on input line 194.
LaTeX Font Info:    Redeclaring math symbol \Xi on input line 194.
LaTeX Font Info:    Redeclaring math symbol \Pi on input line 194.
LaTeX Font Info:    Redeclaring math symbol \Sigma on input line 194.
LaTeX Font Info:    Redeclaring math symbol \Upsilon on input line 194.
LaTeX Font Info:    Redeclaring math symbol \Phi on input line 194.
LaTeX Font Info:    Redeclaring math symbol \Psi on input line 194.
LaTeX Font Info:    Redeclaring math symbol \Omega on input line 194.
LaTeX Font Info:    Redeclaring math symbol \mathdollar on input line 194.
LaTeX Font Info:    Redeclaring symbol font `operators' on input line 194.
LaTeX Font Info:    Encoding `OT1' has changed to `TU' for symbol font
(Font)              `operators' in the math version `normal' on input line 194.

LaTeX Font Info:    Overwriting symbol font `operators' in version `normal'
(Font)                  OT1/cmr/m/n --> TU/lmr/m/n on input line 194.
LaTeX Font Info:    Encoding `OT1' has changed to `TU' for symbol font
(Font)              `operators' in the math version `bold' on input line 194.
LaTeX Font Info:    Overwriting symbol font `operators' in version `bold'
(Font)                  OT1/cmr/bx/n --> TU/lmr/m/n on input line 194.
LaTeX Font Info:    Overwriting symbol font `operators' in version `normal'
(Font)                  TU/lmr/m/n --> TU/lmr/m/n on input line 194.
LaTeX Font Info:    Overwriting math alphabet `\mathit' in version `normal'
(Font)                  OT1/cmr/m/it --> TU/lmr/m/it on input line 194.
LaTeX Font Info:    Overwriting math alphabet `\mathbf' in version `normal'
(Font)                  OT1/cmr/bx/n --> TU/lmr/bx/n on input line 194.
LaTeX Font Info:    Overwriting math alphabet `\mathsf' in version `normal'
(Font)                  OT1/cmss/m/n --> TU/lmss/m/n on input line 194.
LaTeX Font Info:    Overwriting math alphabet `\mathtt' in version `normal'
(Font)                  OT1/cmtt/m/n --> TU/lmtt/m/n on input line 194.
LaTeX Font Info:    Overwriting symbol font `operators' in version `bold'
(Font)                  TU/lmr/m/n --> TU/lmr/bx/n on input line 194.
LaTeX Font Info:    Overwriting math alphabet `\mathit' in version `bold'
(Font)                  OT1/cmr/bx/it --> TU/lmr/bx/it on input line 194.
LaTeX Font Info:    Overwriting math alphabet `\mathsf' in version `bold'
(Font)                  OT1/cmss/bx/n --> TU/lmss/bx/n on input line 194.
LaTeX Font Info:    Overwriting math alphabet `\mathtt' in version `bold'
(Font)                  OT1/cmtt/m/n --> TU/lmtt/bx/n on input line 194.
\AtBeginShipoutBox=\box63
Package hyperref Info: Link coloring ON on input line 194.

(/usr/share/texlive/texmf-dist/tex/latex/hyperref/nameref.sty
Package: nameref 2016/05/21 v2.44 Cross-referencing by name of section

(/usr/share/texlive/texmf-dist/tex/generic/oberdiek/gettitlestring.sty
Package: gettitlestring 2016/05/16 v1.5 Cleanup title references (HO)
)
\c@section@level=\count293
)
LaTeX Info: Redefining \ref on input line 194.
LaTeX Info: Redefining \pageref on input line 194.
LaTeX Info: Redefining \nameref on input line 194.

(./Examples.out) (./Examples.out)
\@outlinefile=\write6
\openout6 = `Examples.out'.

 (./Examples.toc)
\tf@toc=\write7
\openout7 = `Examples.toc'.



LaTeX Font Warning: Font shape `TU/lmr/bx/sc' undefined
(Font)              using `TU/lmr/bx/n' instead on input line 197.

(/usr/share/texlive/texmf-dist/tex/generic/oberdiek/se-ascii-print.def
File: se-ascii-print.def 2016/05/16 v1.11 stringenc: Printable ASCII characters

)
[1]
Overfull \hbox (421.0636pt too wide) in paragraph at lines 223--223
[]\TU/lmtt/m/n/10.95 mpirun -np "number_of_processor_you_have_chosen_in_the_par
tition" feelpp_hfm_thermoelectric_model_3D_V1T1_N1 --config-file "name_of_your_
file.cfg"[] 
 []

[2]

Package hyperref Warning: Suppressing empty link on input line 296.

[3] [4]
Overfull \hbox (87.63622pt too wide) in paragraph at lines 376--376
[]\TU/lmtt/m/n/10.95 "Neumann":  // value of the derivative of the solution kno
wns at the limit of the domain[] 
 []


Overfull \hbox (122.12871pt too wide) in paragraph at lines 393--393
[]\TU/lmtt/m/n/10.95 "Robin":   // linear relation between the value and the de
rivative at the limits of the domain[] 
 []

File: ./images/learning/thermoelectric/Ensemble_CapteurCourant.png Graphic file
 (type QTm)
<use  "./images/learning/thermoelectric/Ensemble_CapteurCourant.png" > [5]

Package wrapfig Warning: Collision between wrapping environments on input line 
427.

File: ./images/learning/thermoelectric/capteurcourant.png Graphic file (type QT
m)
<use  "./images/learning/thermoelectric/capteurcourant.png" >
Overfull \hbox (23.83328pt too wide) in paragraph at lines 434--435
[] []\TU/lmr/m/n/10.95 Parameters.[] There
 []


Overfull \hbox (1.41867pt too wide) in paragraph at lines 434--435
\TU/lmr/m/n/10.95 are 8 volumes,
 []


Underfull \hbox (badness 2409) in paragraph at lines 434--435
\TU/lmr/m/n/10.95 2 connectors
 []


Overfull \hbox (11.4379pt too wide) in paragraph at lines 434--435
\TU/lmr/m/n/10.95 tan plates which
 []


Overfull \hbox (101.74252pt too wide) in paragraph at lines 439--439
[]    \TU/lmtt/m/n/10.95 "Name": "ThermoElectric",[] 
 []


Overfull \hbox (55.75253pt too wide) in paragraph at lines 440--440
[]    \TU/lmtt/m/n/10.95 "ShortName":"TE",[] 
 []


Overfull \hbox (141.98376pt too wide) in paragraph at lines 441--441
[]    \TU/lmtt/m/n/10.95 "Model":"thermoelectric-linear",[] 
 []


Overfull \hbox (27.00879pt too wide) in paragraph at lines 442--442
[]    \TU/lmtt/m/n/10.95 "Materials":[] 
 []


Overfull \hbox (27.00879pt too wide) in paragraph at lines 446--446
[]    \TU/lmtt/m/n/10.95 "name":"A1",[] 
 []


Overfull \hbox (61.50128pt too wide) in paragraph at lines 447--447
[]    \TU/lmtt/m/n/10.95 "alpha":"3.35e-3",[] 
 []


Overfull \hbox (21.26004pt too wide) in paragraph at lines 448--448
[]    \TU/lmtt/m/n/10.95 "T0":"293",[] 
 []


Overfull \hbox (55.75253pt too wide) in paragraph at lines 449--449
[]    \TU/lmtt/m/n/10.95 "sigma0":"58e+3",[] 
 []


Overfull \hbox (27.00879pt too wide) in paragraph at lines 450--450
[]    \TU/lmtt/m/n/10.95 "k0":"0.38",[] 
 []


Overfull \hbox (256.95872pt too wide) in paragraph at lines 451--451
[]    \TU/lmtt/m/n/10.95 "sigma":"sigma0/(1+alpha*(T-T0)):sigma0:alpha:T:T0",[]
 
 []


Overfull \hbox (222.46623pt too wide) in paragraph at lines 452--452
[]    \TU/lmtt/m/n/10.95 "k":"k0*T/((1+alpha*(T-T0))*T0):k0:T:alpha:T0"[] 
 []


Overfull \hbox (27.00879pt too wide) in paragraph at lines 454--454
[]\TU/lmtt/m/n/10.95 "CurrentLead_1":[] 
 []


Overfull \hbox (90.24501pt too wide) in paragraph at lines 456--456
[]    \TU/lmtt/m/n/10.95 "name":"CurrentLead_1",[] 
 []


Overfull \hbox (61.50128pt too wide) in paragraph at lines 457--457
[]    \TU/lmtt/m/n/10.95 "alpha":"3.35e-3",[] 
 []


Overfull \hbox (21.26004pt too wide) in paragraph at lines 458--458
[]    \TU/lmtt/m/n/10.95 "T0":"293",[] 
 []


Overfull \hbox (55.75253pt too wide) in paragraph at lines 459--459
[]    \TU/lmtt/m/n/10.95 "sigma0":"58e+3",[] 
 []


Overfull \hbox (27.00879pt too wide) in paragraph at lines 460--460
[]    \TU/lmtt/m/n/10.95 "k0":"0.38",[] 
 []

[6]
Overfull \hbox (256.95872pt too wide) in paragraph at lines 461--461
[]    \TU/lmtt/m/n/10.95 "sigma":"sigma0/(1+alpha*(T-T0)):sigma0:alpha:T:T0",[]
 
 []


Overfull \hbox (222.46623pt too wide) in paragraph at lines 462--462
[]    \TU/lmtt/m/n/10.95 "k":"k0*T/((1+alpha*(T-T0))*T0):k0:T:alpha:T0"[] 
 []


Overfull \hbox (21.26004pt too wide) in paragraph at lines 464--464
[]\TU/lmtt/m/n/10.95 "Constantan_1":[] 
 []


Overfull \hbox (84.49628pt too wide) in paragraph at lines 466--466
[]    \TU/lmtt/m/n/10.95 "name":"Constantan_1",[] 
 []


Overfull \hbox (27.00879pt too wide) in paragraph at lines 467--467
[]    \TU/lmtt/m/n/10.95 "alpha":"0",[] 
 []


Overfull \hbox (21.26004pt too wide) in paragraph at lines 468--468
[]    \TU/lmtt/m/n/10.95 "T0":"293",[] 
 []


Overfull \hbox (67.25003pt too wide) in paragraph at lines 469--469
[]    \TU/lmtt/m/n/10.95 "sigma0":"2.04e+3",[] 
 []


Overfull \hbox (32.75754pt too wide) in paragraph at lines 470--470
[]    \TU/lmtt/m/n/10.95 "k0":"0.019",[] 
 []


Overfull \hbox (256.95872pt too wide) in paragraph at lines 471--471
[]    \TU/lmtt/m/n/10.95 "sigma":"sigma0/(1+alpha*(T-T0)):sigma0:alpha:T:T0",[]
 
 []


Overfull \hbox (222.46623pt too wide) in paragraph at lines 472--472
[]    \TU/lmtt/m/n/10.95 "k":"k0*T/((1+alpha*(T-T0))*T0):k0:T:alpha:T0"[] 
 []


Overfull \hbox (21.26004pt too wide) in paragraph at lines 474--474
[]\TU/lmtt/m/n/10.95 "Constantan_2":[] 
 []


Overfull \hbox (84.49628pt too wide) in paragraph at lines 476--476
[]    \TU/lmtt/m/n/10.95 "name":"Constantan_2",[] 
 []


Overfull \hbox (27.00879pt too wide) in paragraph at lines 477--477
[]    \TU/lmtt/m/n/10.95 "alpha":"0",[] 
 []


Overfull \hbox (21.26004pt too wide) in paragraph at lines 478--478
[]    \TU/lmtt/m/n/10.95 "T0":"293",[] 
 []


Overfull \hbox (67.25003pt too wide) in paragraph at lines 479--479
[]    \TU/lmtt/m/n/10.95 "sigma0":"2.04e+3",[] 
 []


Overfull \hbox (32.75754pt too wide) in paragraph at lines 480--480
[]    \TU/lmtt/m/n/10.95 "k0":"0.019",[] 
 []


Overfull \hbox (256.95872pt too wide) in paragraph at lines 481--481
[]    \TU/lmtt/m/n/10.95 "sigma":"sigma0/(1+alpha*(T-T0)):sigma0:alpha:T:T0",[]
 
 []


Overfull \hbox (222.46623pt too wide) in paragraph at lines 482--482
[]    \TU/lmtt/m/n/10.95 "k":"k0*T/((1+alpha*(T-T0))*T0):k0:T:alpha:T0"[] 
 []


Overfull \hbox (21.26004pt too wide) in paragraph at lines 484--484
[]\TU/lmtt/m/n/10.95 "Constantan_3":[] 
 []


Overfull \hbox (84.49628pt too wide) in paragraph at lines 486--486
[]    \TU/lmtt/m/n/10.95 "name":"Constantan_3",[] 
 []


Overfull \hbox (27.00879pt too wide) in paragraph at lines 487--487
[]    \TU/lmtt/m/n/10.95 "alpha":"0",[] 
 []


Overfull \hbox (21.26004pt too wide) in paragraph at lines 488--488
[]    \TU/lmtt/m/n/10.95 "T0":"293",[] 
 []


Overfull \hbox (67.25003pt too wide) in paragraph at lines 489--489
[]    \TU/lmtt/m/n/10.95 "sigma0":"2.04e+3",[] 
 []


Overfull \hbox (32.75754pt too wide) in paragraph at lines 490--490
[]    \TU/lmtt/m/n/10.95 "k0":"0.019",[] 
 []


Overfull \hbox (256.95872pt too wide) in paragraph at lines 491--491
[]    \TU/lmtt/m/n/10.95 "sigma":"sigma0/(1+alpha*(T-T0)):sigma0:alpha:T:T0",[]
 
 []


Overfull \hbox (222.46623pt too wide) in paragraph at lines 492--492
[]    \TU/lmtt/m/n/10.95 "k":"k0*T/((1+alpha*(T-T0))*T0):k0:T:alpha:T0"[] 
 []


Overfull \hbox (21.26004pt too wide) in paragraph at lines 494--494
[]\TU/lmtt/m/n/10.95 "Constantan_4":[] 
 []


Overfull \hbox (84.49628pt too wide) in paragraph at lines 496--496
[]    \TU/lmtt/m/n/10.95 "name":"Constantan_4",[] 
 []


Overfull \hbox (27.00879pt too wide) in paragraph at lines 497--497
[]    \TU/lmtt/m/n/10.95 "alpha":"0",[] 
 []


Overfull \hbox (21.26004pt too wide) in paragraph at lines 498--498
[]    \TU/lmtt/m/n/10.95 "T0":"293",[] 
 []


Overfull \hbox (67.25003pt too wide) in paragraph at lines 499--499
[]    \TU/lmtt/m/n/10.95 "sigma0":"2.04e+3",[] 
 []


Overfull \hbox (32.75754pt too wide) in paragraph at lines 500--500
[]    \TU/lmtt/m/n/10.95 "k0":"0.019",[] 
 []


Overfull \hbox (256.95872pt too wide) in paragraph at lines 501--501
[]    \TU/lmtt/m/n/10.95 "sigma":"sigma0/(1+alpha*(T-T0)):sigma0:alpha:T:T0",[]
 
 []


Overfull \hbox (222.46623pt too wide) in paragraph at lines 502--502
[]    \TU/lmtt/m/n/10.95 "k":"k0*T/((1+alpha*(T-T0))*T0):k0:T:alpha:T0"[] 
 []


Overfull \hbox (21.26004pt too wide) in paragraph at lines 504--504
[]\TU/lmtt/m/n/10.95 "Constantan_5":[] 
 []


Underfull \vbox (badness 10000) has occurred while \output is active []

 [7]
Overfull \hbox (84.49628pt too wide) in paragraph at lines 506--506
[]    \TU/lmtt/m/n/10.95 "name":"Constantan_5",[] 
 []


Overfull \hbox (27.00879pt too wide) in paragraph at lines 507--507
[]    \TU/lmtt/m/n/10.95 "alpha":"0",[] 
 []


Overfull \hbox (21.26004pt too wide) in paragraph at lines 508--508
[]    \TU/lmtt/m/n/10.95 "T0":"293",[] 
 []


Overfull \hbox (67.25003pt too wide) in paragraph at lines 509--509
[]    \TU/lmtt/m/n/10.95 "sigma0":"2.04e+3",[] 
 []


Overfull \hbox (32.75754pt too wide) in paragraph at lines 510--510
[]    \TU/lmtt/m/n/10.95 "k0":"0.019",[] 
 []


Overfull \hbox (256.95872pt too wide) in paragraph at lines 511--511
[]    \TU/lmtt/m/n/10.95 "sigma":"sigma0/(1+alpha*(T-T0)):sigma0:alpha:T:T0",[]
 
 []


Overfull \hbox (222.46623pt too wide) in paragraph at lines 512--512
[]    \TU/lmtt/m/n/10.95 "k":"k0*T/((1+alpha*(T-T0))*T0):k0:T:alpha:T0"[] 
 []


Overfull \hbox (21.26004pt too wide) in paragraph at lines 514--514
[]\TU/lmtt/m/n/10.95 "Constantan_6":[] 
 []


Overfull \hbox (84.49628pt too wide) in paragraph at lines 516--516
[]    \TU/lmtt/m/n/10.95 "name":"Constantan_6",[] 
 []


Overfull \hbox (27.00879pt too wide) in paragraph at lines 517--517
[]    \TU/lmtt/m/n/10.95 "alpha":"0",[] 
 []


Overfull \hbox (21.26004pt too wide) in paragraph at lines 518--518
[]    \TU/lmtt/m/n/10.95 "T0":"293",[] 
 []


Overfull \hbox (67.25003pt too wide) in paragraph at lines 519--519
[]    \TU/lmtt/m/n/10.95 "sigma0":"2.04e+3",[] 
 []


Overfull \hbox (32.75754pt too wide) in paragraph at lines 520--520
[]    \TU/lmtt/m/n/10.95 "k0":"0.019",[] 
 []


Overfull \hbox (256.95872pt too wide) in paragraph at lines 521--521
[]    \TU/lmtt/m/n/10.95 "sigma":"sigma0/(1+alpha*(T-T0)):sigma0:alpha:T:T0",[]
 
 []


Overfull \hbox (222.46623pt too wide) in paragraph at lines 522--522
[]    \TU/lmtt/m/n/10.95 "k":"k0*T/((1+alpha*(T-T0))*T0):k0:T:alpha:T0"[] 
 []


Overfull \hbox (55.75253pt too wide) in paragraph at lines 529--529
[]\TU/lmtt/m/n/10.95 "BoundaryConditions":[] 
 []


Overfull \hbox (4.0138pt too wide) in paragraph at lines 531--531
[]\TU/lmtt/m/n/10.95 "potential":[] 
 []


Overfull \hbox (15.51129pt too wide) in paragraph at lines 533--533
[]  \TU/lmtt/m/n/10.95 "Dirichlet":[] 
 []


Overfull \hbox (27.00879pt too wide) in paragraph at lines 537--537
[]    \TU/lmtt/m/n/10.95 "expr1":"0",[] 
 []


Overfull \hbox (27.00879pt too wide) in paragraph at lines 538--538
[]    \TU/lmtt/m/n/10.95 "expr2":"A1"[] 
 []


Overfull \hbox (38.50629pt too wide) in paragraph at lines 542--542
[]    \TU/lmtt/m/n/10.95 "expr1":"0.1",[] 
 []


Overfull \hbox (90.24503pt too wide) in paragraph at lines 543--543
[]    \TU/lmtt/m/n/10.95 "expr2":"CurrentLead_1"[] 
 []


Overfull \hbox (15.51129pt too wide) in paragraph at lines 547--547
[]\TU/lmtt/m/n/10.95 "temperature":[] 
 []


Overfull \hbox (15.51129pt too wide) in paragraph at lines 549--549
[]  \TU/lmtt/m/n/10.95 "Dirichlet":[] 
 []

[8]
Overfull \hbox (38.50629pt too wide) in paragraph at lines 553--553
[]    \TU/lmtt/m/n/10.95 "expr1":"293",[] 
 []


Overfull \hbox (27.00879pt too wide) in paragraph at lines 554--554
[]    \TU/lmtt/m/n/10.95 "expr2":"A1"[] 
 []


Overfull \hbox (38.50629pt too wide) in paragraph at lines 558--558
[]    \TU/lmtt/m/n/10.95 "expr1":"293",[] 
 []


Overfull \hbox (90.24503pt too wide) in paragraph at lines 559--559
[]    \TU/lmtt/m/n/10.95 "expr2":"CurrentLead_1"[] 
 []


Overfull \hbox (15.51129pt too wide) in paragraph at lines 564--564
[]\TU/lmtt/m/n/10.95 "PostProcess":[] 
 []


Overfull \hbox (199.47125pt too wide) in paragraph at lines 566--566
[]\TU/lmtt/m/n/10.95 "Fields":["temperature","potential","current"][] 
 []

[9]
Underfull \vbox (badness 10000) has occurred while \output is active []

 [10]
File: ./images/learning/thermoelectric/Potential.png Graphic file (type QTm)

<use  "./images/learning/thermoelectric/Potential.png" >
Overfull \hbox (15.36632pt too wide) in paragraph at lines 661--662
 [][] 
 []

File: ./images/learning/thermoelectric/Temperature_Max.png Graphic file (type Q
Tm)
<use  "./images/learning/thermoelectric/Temperature_Max.png" >
Overfull \hbox (232.17632pt too wide) in paragraph at lines 676--677
 [][] 
 []

[11]
File: ./images/learning/thermoelectric/Temperature_Max_Zoom2.png Graphic file (
type QTm)
 <use  "./images/learning/thermoelectric/Temperature_Max_Zoom2.png" >
Overfull \hbox (232.17632pt too wide) in paragraph at lines 685--686
 [][] 
 []


LaTeX Warning: `h' float specifier changed to `ht'.

File: ./images/learning/thermoelectric/Double_Helix_Geometry.png Graphic file (
type QTm)
<use  "./images/learning/thermoelectric/Double_Helix_Geometry.png" > [12]

LaTeX Warning: `h' float specifier changed to `ht'.

[13] [14] [15]
Underfull \vbox (badness 10000) has occurred while \output is active []

 [16]
File: ./images/learning/thermoelectric/Double_Helix_temperature.png Graphic fil
e (type QTm)

<use  "./images/learning/thermoelectric/Double_Helix_temperature.png" >
Overfull \hbox (232.17632pt too wide) in paragraph at lines 868--869
 [][] 
 []


LaTeX Warning: `h' float specifier changed to `ht'.

File: ./images/learning/thermoelectric/quarter-turn3D.png Graphic file (type QT
m)
<use  "./images/learning/thermoelectric/quarter-turn3D.png" >

LaTeX Warning: `h' float specifier changed to `ht'.


Underfull \vbox (badness 1609) has occurred while \output is active []

 [17]
[18] [19]
Overfull \hbox (25.30063pt too wide) in paragraph at lines 955--968
 [] 
 []

File: ./images/learning/thermoelectric/Temperature_paraview.png Graphic file (t
ype QTm)
<use  "./images/learning/thermoelectric/Temperature_paraview.png" >

Package wrapfig Warning: Collision between wrapping environments on input line 
998.

File: ./images/learning/thermoelectric/TemperatureTH.png Graphic file (type QTm
)
<use  "./images/learning/thermoelectric/TemperatureTH.png" > [20]
Underfull \hbox (badness 3780) in paragraph at lines 1004--1007
[] []\TU/lmr/m/n/10.95 Results.[] We can
 []


Underfull \hbox (badness 1694) in paragraph at lines 1004--1007
\TU/lmr/m/n/10.95 vary the degree
 []


Underfull \hbox (badness 1264) in paragraph at lines 1004--1007
\TU/lmr/m/n/10.95 ear) to 2 (qua-
 []


Underfull \hbox (badness 5064) in paragraph at lines 1004--1007
\TU/lmr/m/n/10.95 the theory, we
 []


Underfull \hbox (badness 4899) in paragraph at lines 1004--1007
\TU/lmr/m/n/10.95 plot the differ-
 []


Overfull \hbox (11.14874pt too wide) in paragraph at lines 1004--1007
\TU/lmr/m/n/10.95 ence between L$[][]$/H$[][]$
 []


Underfull \hbox (badness 2707) in paragraph at lines 1004--1007
\TU/lmr/m/n/10.95 T and V. The
 []


Underfull \hbox (badness 1776) in paragraph at lines 1004--1007
\TU/lmr/m/n/10.95 mic, to see di-
 []


Underfull \hbox (badness 1681) in paragraph at lines 1004--1007
\TU/lmr/m/n/10.95 rectly the slope
 []

File: ./images/learning/thermoelectric/L2V.png Graphic file (type QTm)
<use  "./images/learning/thermoelectric/L2V.png" >

Package wrapfig Warning: Collision between wrapping environments on input line 
1038.

File: ./images/learning/thermoelectric/H1V.png Graphic file (type QTm)
<use  "./images/learning/thermoelectric/H1V.png" >
Underfull \vbox (badness 10000) has occurred while \output is active []

 [21]

Package wrapfig Warning: Collision between wrapping environments on input line 
1044.

File: ./images/learning/thermoelectric/L2T.png Graphic file (type QTm)
<use  "./images/learning/thermoelectric/L2T.png" >

Package wrapfig Warning: Collision between wrapping environments on input line 
1050.

File: ./images/learning/thermoelectric/H1T.png Graphic file (type QTm)
<use  "./images/learning/thermoelectric/H1T.png" >
Underfull \vbox (badness 10000) has occurred while \output is active []

 [22]
Overfull \hbox (6.8827pt too wide) in paragraph at lines 1057--1058
\TU/lmr/m/n/10.95 modelisation of
 []


Overfull \hbox (10.33197pt too wide) in paragraph at lines 1057--1058
\TU/lmr/m/n/10.95 mesh on \TU/lmtt/m/n/10.95 Salome
 []


Overfull \hbox (3.81671pt too wide) in paragraph at lines 1057--1058
\TU/lmr/m/n/10.95 and export the
 []


Overfull \hbox (55.75253pt too wide) in paragraph at lines 1061--1061
[]\TU/lmtt/m/n/10.95 // Define Main params[] 
 []


Overfull \hbox (9.76254pt too wide) in paragraph at lines 1062--1062
[]\TU/lmtt/m/n/10.95 Unit = 1.e-3;[] 
 []


Overfull \hbox (4.0138pt too wide) in paragraph at lines 1063--1063
[]\TU/lmtt/m/n/10.95 lc = 1*Unit;[] 
 []


Overfull \hbox (15.51129pt too wide) in paragraph at lines 1064--1064
[]\TU/lmtt/m/n/10.95 lc_ext = 3*lc;[] 
 []


Overfull \hbox (15.51129pt too wide) in paragraph at lines 1065--1065
[]\TU/lmtt/m/n/10.95 lc_inf = 1*lc;[] 
 []


Overfull \hbox (61.50128pt too wide) in paragraph at lines 1074--1074
[]\TU/lmtt/m/n/10.95 Mesh.ElementOrder = 1;[] 
 []


Overfull \hbox (78.74753pt too wide) in paragraph at lines 1075--1075
[]\TU/lmtt/m/n/10.95 Point(1) = {0, 0, -L, h};[] 
 []


Overfull \hbox (84.49628pt too wide) in paragraph at lines 1076--1076
[]\TU/lmtt/m/n/10.95 Point(2) = {r1, 0, -L, h};[] 
 []


Overfull \hbox (84.49628pt too wide) in paragraph at lines 1077--1077
[]\TU/lmtt/m/n/10.95 Point(3) = {r2, 0, -L, h};[] 
 []


Underfull \vbox (badness 2197) has occurred while \output is active []

 [23]
Overfull \hbox (84.49628pt too wide) in paragraph at lines 1078--1078
[]\TU/lmtt/m/n/10.95 Point(4) = {0, r1, -L, h};[] 
 []


Overfull \hbox (84.49628pt too wide) in paragraph at lines 1079--1079
[]\TU/lmtt/m/n/10.95 Point(5) = {0, r2, -L, h};[] 
 []


Overfull \hbox (61.50128pt too wide) in paragraph at lines 1080--1080
[]\TU/lmtt/m/n/10.95 Circle(1) = {2, 1, 4};[] 
 []


Overfull \hbox (61.50128pt too wide) in paragraph at lines 1081--1081
[]\TU/lmtt/m/n/10.95 Circle(2) = {3, 1, 5};[] 
 []


Overfull \hbox (32.75754pt too wide) in paragraph at lines 1082--1082
[]\TU/lmtt/m/n/10.95 Line(3) = {4, 5};[] 
 []


Overfull \hbox (32.75754pt too wide) in paragraph at lines 1083--1083
[]\TU/lmtt/m/n/10.95 Line(4) = {2, 3};[] 
 []


Overfull \hbox (107.49127pt too wide) in paragraph at lines 1084--1084
[]\TU/lmtt/m/n/10.95 Line Loop(5) = {3, -2, -4, 1};[] 
 []


Overfull \hbox (67.25003pt too wide) in paragraph at lines 1085--1085
[]\TU/lmtt/m/n/10.95 Plane Surface(1) = {5};[] 
 []


Overfull \hbox (153.48126pt too wide) in paragraph at lines 1087--1087
[]\TU/lmtt/m/n/10.95 out[] = Extrude {0,0,L} {Surface{1};};[] 
 []


Overfull \hbox (141.98376pt too wide) in paragraph at lines 1089--1089
[]\TU/lmtt/m/n/10.95 Physical Volume("omega") = {out[1]};[] 
 []


Overfull \hbox (136.23502pt too wide) in paragraph at lines 1090--1090
[]\TU/lmtt/m/n/10.95 Physical Surface("top") = {out[0]};[] 
 []


Overfull \hbox (124.73752pt too wide) in paragraph at lines 1091--1091
[]\TU/lmtt/m/n/10.95 Physical Surface("bottom") = {1};[] 
 []


Overfull \hbox (141.98376pt too wide) in paragraph at lines 1092--1092
[]\TU/lmtt/m/n/10.95 Physical Surface("Rint") = {out[5]};[] 
 []


Overfull \hbox (141.98376pt too wide) in paragraph at lines 1093--1093
[]\TU/lmtt/m/n/10.95 Physical Surface("Rext") = {out[3]};[] 
 []


Overfull \hbox (130.48627pt too wide) in paragraph at lines 1094--1094
[]\TU/lmtt/m/n/10.95 Physical Surface("in") = {out[2]};[] 
 []


Overfull \hbox (136.23502pt too wide) in paragraph at lines 1095--1095
[]\TU/lmtt/m/n/10.95 Physical Surface("out") = {out[4]};[] 
 []


Underfull \hbox (badness 5475) in paragraph at lines 1098--1099
\TU/lmr/m/n/10.95 to create a
 []


Overfull \hbox (1.4077pt too wide) in paragraph at lines 1098--1099
\TU/lmr/m/n/10.95 file.json which
 []


Overfull \hbox (11.98541pt too wide) in paragraph at lines 1098--1099
\TU/lmr/m/n/10.95 define the model
 []


Underfull \hbox (badness 1975) in paragraph at lines 1098--1099
\TU/lmr/m/n/10.95 we will use,
 []


Underfull \hbox (badness 4608) in paragraph at lines 1098--1099
\TU/lmr/m/n/10.95 the material
 []


Overfull \hbox (101.74252pt too wide) in paragraph at lines 1103--1103
[]    \TU/lmtt/m/n/10.95 "Name": "ThermoElectric",[] 
 []


Overfull \hbox (55.75253pt too wide) in paragraph at lines 1104--1104
[]    \TU/lmtt/m/n/10.95 "ShortName":"TE",[] 
 []


Overfull \hbox (141.98376pt too wide) in paragraph at lines 1105--1105
[]    \TU/lmtt/m/n/10.95 "Model":"thermoelectric-linear",[] 
 []


Overfull \hbox (27.00879pt too wide) in paragraph at lines 1107--1107
[]    \TU/lmtt/m/n/10.95 "Materials":[] 
 []


Overfull \hbox (27.00879pt too wide) in paragraph at lines 1109--1109
[]        \TU/lmtt/m/n/10.95 "omega":[] 
 []


Overfull \hbox (95.99377pt too wide) in paragraph at lines 1111--1111
[]            \TU/lmtt/m/n/10.95 "name":"copper",[] 
 []


Overfull \hbox (107.49127pt too wide) in paragraph at lines 1112--1112
[]            \TU/lmtt/m/n/10.95 "alpha":"3.35e-3",[] 
 []


Overfull \hbox (67.25003pt too wide) in paragraph at lines 1113--1113
[]            \TU/lmtt/m/n/10.95 "T0":"293",[] 
 []


Overfull \hbox (101.74252pt too wide) in paragraph at lines 1114--1114
[]            \TU/lmtt/m/n/10.95 "sigma0":"58e+3",[] 
 []


Overfull \hbox (72.99878pt too wide) in paragraph at lines 1115--1115
[]            \TU/lmtt/m/n/10.95 "k0":"0.38",[] 
 []


Overfull \hbox (302.94872pt too wide) in paragraph at lines 1116--1116
[]            \TU/lmtt/m/n/10.95 "sigma":"sigma0/(1+alpha*(T-T0)):sigma0:alpha:
T:T0",[] 
 []


Overfull \hbox (268.45622pt too wide) in paragraph at lines 1117--1117
[]            \TU/lmtt/m/n/10.95 "k":"k0*T/((1+alpha*(T-T0))*T0):k0:T:alpha:T0"
[] 
 []

[24]
Overfull \hbox (78.74753pt too wide) in paragraph at lines 1120--1120
[]    \TU/lmtt/m/n/10.95 "BoundaryConditions":[] 
 []


Overfull \hbox (50.00378pt too wide) in paragraph at lines 1122--1122
[]        \TU/lmtt/m/n/10.95 "potential":[] 
 []


Overfull \hbox (72.99878pt too wide) in paragraph at lines 1124--1124
[]            \TU/lmtt/m/n/10.95 "Dirichlet":[] 
 []


Overfull \hbox (9.76254pt too wide) in paragraph at lines 1125--1125
[]            \TU/lmtt/m/n/10.95 {[] 
 []


Overfull \hbox (55.75253pt too wide) in paragraph at lines 1126--1126
[]                \TU/lmtt/m/n/10.95 "in":[] 
 []


Overfull \hbox (32.75754pt too wide) in paragraph at lines 1127--1127
[]                \TU/lmtt/m/n/10.95 {[] 
 []


Overfull \hbox (118.98877pt too wide) in paragraph at lines 1128--1128
[]                    \TU/lmtt/m/n/10.95 "expr1":"0",[] 
 []


Overfull \hbox (44.25504pt too wide) in paragraph at lines 1129--1129
[]    \TU/lmtt/m/n/10.95 "expr2":"omega"[] 
 []


Overfull \hbox (38.50629pt too wide) in paragraph at lines 1130--1130
[]                \TU/lmtt/m/n/10.95 },[] 
 []


Overfull \hbox (61.50128pt too wide) in paragraph at lines 1131--1131
[]                \TU/lmtt/m/n/10.95 "out":[] 
 []


Overfull \hbox (32.75754pt too wide) in paragraph at lines 1132--1132
[]                \TU/lmtt/m/n/10.95 {[] 
 []


Overfull \hbox (423.67245pt too wide) in paragraph at lines 1133--1133
[]                    \TU/lmtt/m/n/10.95 "expr1":"0.3/4.", //since we only cons
ider a quarter of the torus[] 
 []


Overfull \hbox (44.25504pt too wide) in paragraph at lines 1134--1134
[]    \TU/lmtt/m/n/10.95 "expr2":"omega"[] 
 []


Overfull \hbox (32.75754pt too wide) in paragraph at lines 1135--1135
[]                \TU/lmtt/m/n/10.95 }[] 
 []


Overfull \hbox (61.50128pt too wide) in paragraph at lines 1137--1137
[]        \TU/lmtt/m/n/10.95 "temperature":[] 
 []


Overfull \hbox (50.00378pt too wide) in paragraph at lines 1139--1139
[]            \TU/lmtt/m/n/10.95 "Robin":[] 
 []


Overfull \hbox (9.76254pt too wide) in paragraph at lines 1140--1140
[]            \TU/lmtt/m/n/10.95 {[] 
 []


Overfull \hbox (67.25003pt too wide) in paragraph at lines 1141--1141
[]                \TU/lmtt/m/n/10.95 "Rext":[] 
 []


Overfull \hbox (32.75754pt too wide) in paragraph at lines 1142--1142
[]                \TU/lmtt/m/n/10.95 {[] 
 []


Overfull \hbox (136.23502pt too wide) in paragraph at lines 1143--1143
[]                    \TU/lmtt/m/n/10.95 "expr1":"0.08",[] 
 []


Overfull \hbox (124.73752pt too wide) in paragraph at lines 1144--1144
[]                    \TU/lmtt/m/n/10.95 "expr2":"293"[] 
 []


Overfull \hbox (38.50629pt too wide) in paragraph at lines 1145--1145
[]                \TU/lmtt/m/n/10.95 },[] 
 []


Overfull \hbox (67.25003pt too wide) in paragraph at lines 1146--1146
[]                \TU/lmtt/m/n/10.95 "Rint":[] 
 []


Overfull \hbox (32.75754pt too wide) in paragraph at lines 1147--1147
[]                \TU/lmtt/m/n/10.95 {[] 
 []


Overfull \hbox (182.22499pt too wide) in paragraph at lines 1148--1148
[]                    \TU/lmtt/m/n/10.95 "expr1":"0.08*(2./1.)",[] 
 []


Overfull \hbox (124.73752pt too wide) in paragraph at lines 1149--1149
[]                    \TU/lmtt/m/n/10.95 "expr2":"293"[] 
 []


Overfull \hbox (32.75754pt too wide) in paragraph at lines 1150--1150
[]                \TU/lmtt/m/n/10.95 }[] 
 []


Overfull \hbox (9.76254pt too wide) in paragraph at lines 1151--1151
[]            \TU/lmtt/m/n/10.95 }[] 
 []


Overfull \hbox (38.50629pt too wide) in paragraph at lines 1154--1154
[]    \TU/lmtt/m/n/10.95 "PostProcess":[] 
 []


Overfull \hbox (245.46124pt too wide) in paragraph at lines 1156--1156
[]        \TU/lmtt/m/n/10.95 "Fields":["temperature","potential","current"][] 
 []


Overfull \hbox (2.1107pt too wide) in paragraph at lines 1161--1162
[]\TU/lmr/m/n/10.95 Lastly, we cre-
 []

[25]
Overfull \hbox (24.39998pt too wide) in paragraph at lines 1180--1180
[]\TU/lmtt/m/n/10.95 g=600.312-58.e+3/(2*0.38)*(0.3/(2*pi))^2*log(sqrt(x*x+y*y)
/sqrt(1*2))^2:x:y:z[] 
 []


Overfull \hbox (133.6262pt too wide) in paragraph at lines 1207--1207
[]\TU/lmtt/m/n/10.95 mpirun -np 4 feelpp_test_convergence_3D_V1T1_N1  --config-
file thermoelectric_3D_V1T1_N1_cvg.cfg[] 
 []


Overfull \hbox (173.86743pt too wide) in paragraph at lines 1215--1215
[]\TU/lmtt/m/n/10.95 mpirun -np 4 feelpp_hfm_thermoelectric_model_3D_V1T1_N1 --
config-file thermoelectric_3D_V1T1_N1_cvg.cfg[] 
 []

Missing character: There is no  in font [lmmono10-regular]:!

Underfull \vbox (badness 3735) has occurred while \output is active []

 [26]
Overfull \hbox (53.14372pt too wide) in paragraph at lines 1255--1255
[]\TU/lmtt/m/n/10.95 #N R1[m]  R2[m]  HalfL[m] Rho[Ohm.m]  Alpha[1/K] E_Max[Pa]
 K[W/(m.K)] h[W/(m^2.K)]
 []


Overfull \hbox (7.15373pt too wide) in paragraph at lines 1258--1258
[]\TU/lmtt/m/n/10.95 #Type  R1         R2      Z1           Z2         J       
  Rho    N_turns[] 
 []

[27]
Overfull \hbox (18.6512pt too wide) in paragraph at lines 1290--1290
[]\TU/lmtt/m/n/10.95 j={-58.e+3*(0.5/(2*Pi))*y/(x^2+y^2),58.e+3*(0.5/(2*Pi))*x/
(x^2+y^2),0}:x:y:z[] 
 []


Overfull \hbox (18.6512pt too wide) in paragraph at lines 1317--1317
[]\TU/lmtt/m/n/10.95 j={-58.e+3*(0.5/(2*Pi))*y/(x^2+y^2),58.e+3*(0.5/(2*Pi))*x/
(x^2+y^2),0}:x:y:z[] 
 []

[28]
File: ./images/learning/magnetostatic/torus3D_box3D.png Graphic file (type QTm)

 <use  "./images/learning/magnetostatic/torus3D_box3D.png" >
Overfull \hbox (87.63632pt too wide) in paragraph at lines 1359--1360
 [][] 
 []


LaTeX Warning: `h' float specifier changed to `ht'.

[29]
Overfull \hbox (47.08841pt too wide) in paragraph at lines 1423--1426
\TU/lmr/m/n/10.95 .json file. We select the biter-intensity (shown in [][]biots
avart_num_box3D_3D_V1T1_N1_cvgcfg[][])
 []

[30]
File: ./images/learning/magnetostatic/B_and_I.png Graphic file (type QTm)
 <use  "./images/learning/magnetostatic/B_and_I.png" >
Overfull \hbox (87.63632pt too wide) in paragraph at lines 1434--1435
 [][] 
 []

File: ./images/learning/magnetostatic/potential_A.png Graphic file (type QTm)
<use  "./images/learning/magnetostatic/potential_A.png" >
Overfull \hbox (87.63632pt too wide) in paragraph at lines 1440--1441
 [][] 
 []


LaTeX Warning: `h' float specifier changed to `ht'.

[31] [32]
Underfull \vbox (badness 10000) has occurred while \output is active []

 [33]
Overfull \hbox (70.38997pt too wide) in paragraph at lines 1532--1532
[]\TU/lmtt/m/n/10.95 S2_Sph = Rotate { { 0, 0, 1 }, { 0, 0, 0 }, Pi/2. } { Dupl
icata{ Surface{S_Sph}; } };[] 
 []


Overfull \hbox (81.88747pt too wide) in paragraph at lines 1533--1533
[]\TU/lmtt/m/n/10.95 S3_Sph = Rotate { { 0, 0, 1 }, { 0, 0, 0 }, 2*Pi/2. } { Du
plicata{ Surface{S_Sph}; } };[] 
 []


Overfull \hbox (81.88747pt too wide) in paragraph at lines 1534--1534
[]\TU/lmtt/m/n/10.95 S4_Sph = Rotate { { 0, 0, 1 }, { 0, 0, 0 }, 3*Pi/2. } { Du
plicata{ Surface{S_Sph}; } };[] 
 []


Overfull \hbox (70.38997pt too wide) in paragraph at lines 1538--1538
[]\TU/lmtt/m/n/10.95 N2_Sph = Rotate { { 0, 0, 1 }, { 0, 0, 0 }, Pi/2. } { Dupl
icata{ Surface{N_Sph}; } };[] 
 []


Overfull \hbox (81.88747pt too wide) in paragraph at lines 1539--1539
[]\TU/lmtt/m/n/10.95 N3_Sph = Rotate { { 0, 0, 1 }, { 0, 0, 0 }, 2*Pi/2. } { Du
plicata{ Surface{N_Sph}; } };[] 
 []


Overfull \hbox (81.88747pt too wide) in paragraph at lines 1540--1540
[]\TU/lmtt/m/n/10.95 N4_Sph = Rotate { { 0, 0, 1 }, { 0, 0, 0 }, 3*Pi/2. } { Du
plicata{ Surface{N_Sph}; } };[] 
 []


Overfull \hbox (133.6262pt too wide) in paragraph at lines 1542--1542
[]\TU/lmtt/m/n/10.95 SLoop=news; Surface Looop(SLoop)={S_Sph, N_Sph, S2_Sph, N2
_Sph, S3_Sph, N3_Sph, S4_Sph, N4_Sph};[] 
 []


Overfull \hbox (110.63121pt too wide) in paragraph at lines 1550--1550
[] \TU/lmtt/m/n/10.95 Physical Surface("box2D") = {S_Sph, N_Sph, S2_Sph, N2_Sph
, S3_Sph, N3_Sph, S4_Sph, N4_Sph};[] 
 []


Overfull \hbox (53.14372pt too wide) in paragraph at lines 1567--1567
[]\TU/lmtt/m/n/10.95 #N R1[m]  R2[m]  HalfL[m] Rho[Ohm.m]  Alpha[1/K] E_Max[Pa]
 K[W/(m.K)] h[W/(m^2.K)]
 []


Overfull \hbox (7.15373pt too wide) in paragraph at lines 1571--1571
[]\TU/lmtt/m/n/10.95 #Type R1        R2      Z1          Z2          J         
     Rho N_turns[] 
 []

[34]
Overfull \hbox (76.13872pt too wide) in paragraph at lines 1572--1572
[]\TU/lmtt/m/n/10.95 1       30.6e-3    53.2e-3   -2.305e-3   2.305e-3    15083
3116.00212305    1         1[] 
 []


Overfull \hbox (70.38997pt too wide) in paragraph at lines 1573--1573
[]\TU/lmtt/m/n/10.95 #1       30.6e-3    53.2e-3   -2.305e-3   2.305e-3    1248
27406.34658459  1         1[] 
 []


Overfull \hbox (18.6512pt too wide) in paragraph at lines 1602--1602
[]\TU/lmtt/m/n/10.95 j={-58.e+3*(0.5/(2*Pi))*y/(x^2+y^2),58.e+3*(0.5/(2*Pi))*x/
(x^2+y^2),0}:x:y:z[] 
 []

[35]
Overfull \hbox (18.65121pt too wide) in paragraph at lines 1629--1629
[]\TU/lmtt/m/n/10.95 j={58.e+3*(0.5/(2*Pi))*y/(x^2+y^2),-58.e+3*(0.5/(2*Pi))*x/
(x^2+y^2),0}:x:y:z[] 
 []


Overfull \hbox (99.1337pt too wide) in paragraph at lines 1630--1630
[]\TU/lmtt/m/n/10.95 u=0.5*atan2(y,x)/(2*Pi)*(atan2(y,x)>0)+(0.5*(atan2(y,x)+2*
Pi)/(2*Pi))*(atan2(y,x)<0):x:y:z[] 
 []


Overfull \hbox (122.12871pt too wide) in paragraph at lines 1631--1631
[]\TU/lmtt/m/n/10.95 t=362.156146169164-58.e+3/(2*0.38)*(0.5/(2*Pi))^2*log(sqrt
(x*x+y*y)/39.4354779237947 )^2:x:y:z[] 
 []

[36]
Underfull \vbox (badness 10000) has occurred while \output is active []

 [37]
File: ./images/learning/magnetostatic/Cartesian_model.png Graphic file (type QT
m)

<use  "./images/learning/magnetostatic/Cartesian_model.png" >
Overfull \hbox (87.63632pt too wide) in paragraph at lines 1736--1737
 [][] 
 []


LaTeX Warning: `h' float specifier changed to `ht'.

File: ./images/learning/magnetostatic/Cartesian_potential.png Graphic file (typ
e QTm)
<use  "./images/learning/magnetostatic/Cartesian_potential.png" >

Package wrapfig Warning: Collision between wrapping environments on input line 
1750.

File: ./images/learning/magnetostatic/Cartesian_potential_ana.png Graphic file 
(type QTm)
<use  "./images/learning/magnetostatic/Cartesian_potential_ana.png" >
Overfull \hbox (9.36836pt too wide) in paragraph at lines 1756--1757
\TU/lmr/m/n/10.95 is however some
 []


Overfull \hbox (2.0209pt too wide) in paragraph at lines 1756--1757
\TU/lmr/m/n/10.95 differences be-
 []


Package wrapfig Warning: Collision between wrapping environments on input line 
1759.

File: ./images/learning/magnetostatic/Cartesian_potential_error.png Graphic fil
e (type QTm)
<use  "./images/learning/magnetostatic/Cartesian_potential_error.png" >

Package wrapfig Warning: Collision between wrapping environments on input line 
1765.

File: ./images/learning/magnetostatic/Cartesian_potential_error_zoom.png Graphi
c file (type QTm)
<use  "./images/learning/magnetostatic/Cartesian_potential_error_zoom.png" >
[38]
Overfull \vbox (6.85027pt too high) has occurred while \output is active []


[39]
Overfull \hbox (3.76195pt too wide) in paragraph at lines 1771--1772
[][]\TU/lmr/m/n/10.95 The maximum
 []


Underfull \hbox (badness 2334) in paragraph at lines 1771--1772
\TU/lmr/m/n/10.95 of the error
 []


Overfull \hbox (13.2994pt too wide) in paragraph at lines 1771--1772
\TU/lmr/m/n/10.95 is approximately
 []


Overfull \hbox (3.0721pt too wide) in paragraph at lines 1776--1778
\TU/lmr/bx/sc/10.95 presentation
 []


Underfull \hbox (badness 1496) in paragraph at lines 1776--1778
\TU/lmr/m/n/10.95 nuity of the
 []


Overfull \hbox (6.1841pt too wide) in paragraph at lines 1776--1778
\TU/lmr/m/n/10.95 magnet, we use
 []


Overfull \hbox (4.11237pt too wide) in paragraph at lines 1776--1778
\TU/lmr/m/n/10.95 the file already
 []


Overfull \hbox (4.1014pt too wide) in paragraph at lines 1776--1778
\TU/lmr/m/n/10.95 moelectric and
 []


Overfull \hbox (5.96289pt too wide) in paragraph at lines 1776--1778
\TU/lmr/m/n/10.95 Magnetostatic.
 []


Underfull \hbox (badness 1210) in paragraph at lines 1776--1778
\TU/lmr/m/n/10.95 We create a
 []


Overfull \hbox (1.48436pt too wide) in paragraph at lines 1776--1778
\TU/lmr/m/n/10.95 new file \TU/lmtt/m/n/10.95 .json
 []

[40]
Overfull \hbox (12.90248pt too wide) in paragraph at lines 1816--1816
[]        \TU/lmtt/m/n/10.95 "Fields":["displacement","Von-Mises","tresca","pri
ncipal-stresses"][] 
 []

[41]
File: ./images/learning/elasticity/Coarse_Von-Mises.png Graphic file (type QTm)

 <use  "./images/learning/elasticity/Coarse_Von-Mises.png" >

Package wrapfig Warning: Collision between wrapping environments on input line 
1891.

File: ./images/learning/elasticity/Coarse_Tresca.png Graphic file (type QTm)
<use  "./images/learning/elasticity/Coarse_Tresca.png" >
Underfull \vbox (badness 10000) has occurred while \output is active []

 [42]
[43]
Package atveryend Info: Empty hook `BeforeClearDocument' on input line 1897.
Package atveryend Info: Empty hook `AfterLastShipout' on input line 1897.
 (./Examples.aux)
Package atveryend Info: Empty hook `AtVeryEndDocument' on input line 1897.
Package atveryend Info: Empty hook `AtEndAfterFileList' on input line 1897.


LaTeX Font Warning: Some font shapes were not available, defaults substituted.

 )
(\end occurred when \ifx on line 161 was incomplete) 
Here is how much of TeX's memory you used:
 31421 strings out of 494970
 635585 string characters out of 6176981
 780481 words of memory out of 5000000
 34663 multiletter control sequences out of 15000+600000
 10926 words of font info for 53 fonts, out of 8000000 for 9000
 197 hyphenation exceptions out of 8191
 54i,9n,73p,10350b,475s stack positions out of 5000i,500n,10000p,200000b,80000s

Output written on Examples.pdf (43 pages).
